[0.558s] Invoking command in '/home/bracualter-base/alter_ws/build/wit_ros2_imu': DEBUGINFOD_URLS=https://debuginfod.ubuntu.com PYTHONPATH=/home/bracualter-base/alter_ws/build/wit_ros2_imu/prefix_override:/usr/lib/python3/dist-packages/colcon_core/task/python/colcon_distutils_commands:/home/bracualter-base/alter_ws/install/wit_ros2_imu/lib/python3.12/site-packages:${PYTHONPATH} /usr/bin/python3 -W ignore:setup.py install is deprecated -W ignore:easy_install command is deprecated setup.py develop --uninstall --editable --build-directory /home/bracualter-base/alter_ws/build/wit_ros2_imu/build
[0.845s] running develop
[1.011s] Removing /home/bracualter-base/alter_ws/install/wit_ros2_imu/lib/python3.12/site-packages/wit-ros2-imu.egg-link (link to .)
[1.043s] Invoked command in '/home/bracualter-base/alter_ws/build/wit_ros2_imu' returned '0': DEBUGINFOD_URLS=https://debuginfod.ubuntu.com PYTHONPATH=/home/bracualter-base/alter_ws/build/wit_ros2_imu/prefix_override:/usr/lib/python3/dist-packages/colcon_core/task/python/colcon_distutils_commands:/home/bracualter-base/alter_ws/install/wit_ros2_imu/lib/python3.12/site-packages:${PYTHONPATH} /usr/bin/python3 -W ignore:setup.py install is deprecated -W ignore:easy_install command is deprecated setup.py develop --uninstall --editable --build-directory /home/bracualter-base/alter_ws/build/wit_ros2_imu/build
[1.044s] Invoking command in '/home/bracualter-base/alter_ws/src/wit_ros2_imu': DEBUGINFOD_URLS=https://debuginfod.ubuntu.com PYTHONPATH=/home/bracualter-base/alter_ws/build/wit_ros2_imu/prefix_override:/usr/lib/python3/dist-packages/colcon_core/task/python/colcon_distutils_commands:/home/bracualter-base/alter_ws/install/wit_ros2_imu/lib/python3.12/site-packages:${PYTHONPATH} /usr/bin/python3 -W ignore:setup.py install is deprecated -W ignore:easy_install command is deprecated setup.py egg_info --egg-base ../../build/wit_ros2_imu build --build-base /home/bracualter-base/alter_ws/build/wit_ros2_imu/build install --record /home/bracualter-base/alter_ws/build/wit_ros2_imu/install.log --single-version-externally-managed install_data --force
[1.262s] running egg_info
[1.277s] writing ../../build/wit_ros2_imu/wit_ros2_imu.egg-info/PKG-INFO
[1.277s] writing dependency_links to ../../build/wit_ros2_imu/wit_ros2_imu.egg-info/dependency_links.txt
[1.277s] writing entry points to ../../build/wit_ros2_imu/wit_ros2_imu.egg-info/entry_points.txt
[1.277s] writing requirements to ../../build/wit_ros2_imu/wit_ros2_imu.egg-info/requires.txt
[1.278s] writing top-level names to ../../build/wit_ros2_imu/wit_ros2_imu.egg-info/top_level.txt
[1.308s] reading manifest file '../../build/wit_ros2_imu/wit_ros2_imu.egg-info/SOURCES.txt'
[1.308s] writing manifest file '../../build/wit_ros2_imu/wit_ros2_imu.egg-info/SOURCES.txt'
[1.308s] running build
[1.309s] running build_py
[1.309s] copying wit_ros2_imu/wit_ros2_imu.py -> /home/bracualter-base/alter_ws/build/wit_ros2_imu/build/lib/wit_ros2_imu
[1.309s] running install
[1.315s] running install_lib
[1.331s] creating /home/bracualter-base/alter_ws/install/wit_ros2_imu/lib/python3.12/site-packages/wit_ros2_imu
[1.331s] copying /home/bracualter-base/alter_ws/build/wit_ros2_imu/build/lib/wit_ros2_imu/wit_ros2_imu.py -> /home/bracualter-base/alter_ws/install/wit_ros2_imu/lib/python3.12/site-packages/wit_ros2_imu
[1.331s] copying /home/bracualter-base/alter_ws/build/wit_ros2_imu/build/lib/wit_ros2_imu/__init__.py -> /home/bracualter-base/alter_ws/install/wit_ros2_imu/lib/python3.12/site-packages/wit_ros2_imu
[1.331s] byte-compiling /home/bracualter-base/alter_ws/install/wit_ros2_imu/lib/python3.12/site-packages/wit_ros2_imu/wit_ros2_imu.py to wit_ros2_imu.cpython-312.pyc
[1.333s] byte-compiling /home/bracualter-base/alter_ws/install/wit_ros2_imu/lib/python3.12/site-packages/wit_ros2_imu/__init__.py to __init__.cpython-312.pyc
[1.333s] running install_data
[1.333s] copying resource/wit_ros2_imu -> /home/bracualter-base/alter_ws/install/wit_ros2_imu/share/ament_index/resource_index/packages
[1.334s] copying package.xml -> /home/bracualter-base/alter_ws/install/wit_ros2_imu/share/wit_ros2_imu
[1.334s] copying launch/rviz_and_imu.launch.py -> /home/bracualter-base/alter_ws/install/wit_ros2_imu/share/wit_ros2_imu
[1.334s] running install_egg_info
[1.350s] Copying ../../build/wit_ros2_imu/wit_ros2_imu.egg-info to /home/bracualter-base/alter_ws/install/wit_ros2_imu/lib/python3.12/site-packages/wit_ros2_imu-0.0.0-py3.12.egg-info
[1.350s] running install_scripts
[1.451s] Installing wit_ros2_imu script to /home/bracualter-base/alter_ws/install/wit_ros2_imu/lib/wit_ros2_imu
[1.452s] writing list of installed files to '/home/bracualter-base/alter_ws/build/wit_ros2_imu/install.log'
[1.474s] Invoked command in '/home/bracualter-base/alter_ws/src/wit_ros2_imu' returned '0': DEBUGINFOD_URLS=https://debuginfod.ubuntu.com PYTHONPATH=/home/bracualter-base/alter_ws/build/wit_ros2_imu/prefix_override:/usr/lib/python3/dist-packages/colcon_core/task/python/colcon_distutils_commands:/home/bracualter-base/alter_ws/install/wit_ros2_imu/lib/python3.12/site-packages:${PYTHONPATH} /usr/bin/python3 -W ignore:setup.py install is deprecated -W ignore:easy_install command is deprecated setup.py egg_info --egg-base ../../build/wit_ros2_imu build --build-base /home/bracualter-base/alter_ws/build/wit_ros2_imu/build install --record /home/bracualter-base/alter_ws/build/wit_ros2_imu/install.log --single-version-externally-managed install_data --force
