-- Install configuration: ""
-- Up-to-date: /home/bracualter-base/alter_ws/install/cartographer_slam/share/cartographer_slam/launch
-- Up-to-date: /home/bracualter-base/alter_ws/install/cartographer_slam/share/cartographer_slam/launch/cartographer_2d.launch.py
-- Up-to-date: /home/bracualter-base/alter_ws/install/cartographer_slam/share/cartographer_slam/config
-- Up-to-date: /home/bracualter-base/alter_ws/install/cartographer_slam/share/cartographer_slam/config/cartographer_2d.lua
-- Up-to-date: /home/bracualter-base/alter_ws/install/cartographer_slam/share/ament_index/resource_index/package_run_dependencies/cartographer_slam
-- Up-to-date: /home/bracualter-base/alter_ws/install/cartographer_slam/share/ament_index/resource_index/parent_prefix_path/cartographer_slam
-- Up-to-date: /home/bracualter-base/alter_ws/install/cartographer_slam/share/cartographer_slam/environment/ament_prefix_path.sh
-- Up-to-date: /home/bracualter-base/alter_ws/install/cartographer_slam/share/cartographer_slam/environment/ament_prefix_path.dsv
-- Up-to-date: /home/bracualter-base/alter_ws/install/cartographer_slam/share/cartographer_slam/environment/path.sh
-- Up-to-date: /home/bracualter-base/alter_ws/install/cartographer_slam/share/cartographer_slam/environment/path.dsv
-- Up-to-date: /home/bracualter-base/alter_ws/install/cartographer_slam/share/cartographer_slam/local_setup.bash
-- Up-to-date: /home/bracualter-base/alter_ws/install/cartographer_slam/share/cartographer_slam/local_setup.sh
-- Up-to-date: /home/bracualter-base/alter_ws/install/cartographer_slam/share/cartographer_slam/local_setup.zsh
-- Up-to-date: /home/bracualter-base/alter_ws/install/cartographer_slam/share/cartographer_slam/local_setup.dsv
-- Installing: /home/bracualter-base/alter_ws/install/cartographer_slam/share/cartographer_slam/package.dsv
-- Up-to-date: /home/bracualter-base/alter_ws/install/cartographer_slam/share/ament_index/resource_index/packages/cartographer_slam
-- Up-to-date: /home/bracualter-base/alter_ws/install/cartographer_slam/share/cartographer_slam/cmake/cartographer_slamConfig.cmake
-- Up-to-date: /home/bracualter-base/alter_ws/install/cartographer_slam/share/cartographer_slam/cmake/cartographer_slamConfig-version.cmake
-- Up-to-date: /home/bracualter-base/alter_ws/install/cartographer_slam/share/cartographer_slam/package.xml
