Built target ament_cmake_python_copy_serial_motor_bridge
running egg_info
writing serial_motor_bridge.egg-info/PKG-INFO
writing dependency_links to serial_motor_bridge.egg-info/dependency_links.txt
writing top-level names to serial_motor_bridge.egg-info/top_level.txt
reading manifest file 'serial_motor_bridge.egg-info/SOURCES.txt'
writing manifest file 'serial_motor_bridge.egg-info/SOURCES.txt'
Built target ament_cmake_python_build_serial_motor_bridge_egg
-- Install configuration: ""
-- Up-to-date: /home/bracualter-base/alter_ws/install/serial_motor_bridge/share/serial_motor_bridge/environment/pythonpath.sh
-- Up-to-date: /home/bracualter-base/alter_ws/install/serial_motor_bridge/share/serial_motor_bridge/environment/pythonpath.dsv
-- Up-to-date: /home/bracualter-base/alter_ws/install/serial_motor_bridge/lib/python3.12/site-packages/serial_motor_bridge-0.0.1-py3.12.egg-info
-- Installing: /home/bracualter-base/alter_ws/install/serial_motor_bridge/lib/python3.12/site-packages/serial_motor_bridge-0.0.1-py3.12.egg-info/dependency_links.txt
-- Installing: /home/bracualter-base/alter_ws/install/serial_motor_bridge/lib/python3.12/site-packages/serial_motor_bridge-0.0.1-py3.12.egg-info/PKG-INFO
-- Installing: /home/bracualter-base/alter_ws/install/serial_motor_bridge/lib/python3.12/site-packages/serial_motor_bridge-0.0.1-py3.12.egg-info/top_level.txt
-- Installing: /home/bracualter-base/alter_ws/install/serial_motor_bridge/lib/python3.12/site-packages/serial_motor_bridge-0.0.1-py3.12.egg-info/SOURCES.txt
-- Up-to-date: /home/bracualter-base/alter_ws/install/serial_motor_bridge/lib/python3.12/site-packages/serial_motor_bridge
-- Up-to-date: /home/bracualter-base/alter_ws/install/serial_motor_bridge/lib/python3.12/site-packages/serial_motor_bridge/__init__.py
Listing '/home/bracualter-base/alter_ws/install/serial_motor_bridge/lib/python3.12/site-packages/serial_motor_bridge'...
-- Installing: /home/bracualter-base/alter_ws/install/serial_motor_bridge/lib/serial_motor_bridge/serial_motor_node.py
-- Up-to-date: /home/bracualter-base/alter_ws/install/serial_motor_bridge/share/serial_motor_bridge//launch
-- Installing: /home/bracualter-base/alter_ws/install/serial_motor_bridge/share/serial_motor_bridge//launch/teleop_joy.launch.py
-- Installing: /home/bracualter-base/alter_ws/install/serial_motor_bridge/share/serial_motor_bridge//launch/serial_motor_bridge.launch.py
-- Up-to-date: /home/bracualter-base/alter_ws/install/serial_motor_bridge/share/serial_motor_bridge//config
-- Installing: /home/bracualter-base/alter_ws/install/serial_motor_bridge/share/serial_motor_bridge//config/serial_motor_params.yaml
-- Up-to-date: /home/bracualter-base/alter_ws/install/serial_motor_bridge/share/serial_motor_bridge//config/teleop_joy_params.yaml
-- Up-to-date: /home/bracualter-base/alter_ws/install/serial_motor_bridge/share/serial_motor_bridge//arduino
-- Up-to-date: /home/bracualter-base/alter_ws/install/serial_motor_bridge/share/serial_motor_bridge//arduino/differential_drive_controller
-- Installing: /home/bracualter-base/alter_ws/install/serial_motor_bridge/share/serial_motor_bridge//arduino/differential_drive_controller/differential_drive_controller.ino
-- Up-to-date: /home/bracualter-base/alter_ws/install/serial_motor_bridge/share/ament_index/resource_index/package_run_dependencies/serial_motor_bridge
-- Up-to-date: /home/bracualter-base/alter_ws/install/serial_motor_bridge/share/ament_index/resource_index/parent_prefix_path/serial_motor_bridge
-- Up-to-date: /home/bracualter-base/alter_ws/install/serial_motor_bridge/share/serial_motor_bridge/environment/ament_prefix_path.sh
-- Up-to-date: /home/bracualter-base/alter_ws/install/serial_motor_bridge/share/serial_motor_bridge/environment/ament_prefix_path.dsv
-- Up-to-date: /home/bracualter-base/alter_ws/install/serial_motor_bridge/share/serial_motor_bridge/environment/path.sh
-- Up-to-date: /home/bracualter-base/alter_ws/install/serial_motor_bridge/share/serial_motor_bridge/environment/path.dsv
-- Up-to-date: /home/bracualter-base/alter_ws/install/serial_motor_bridge/share/serial_motor_bridge/local_setup.bash
-- Up-to-date: /home/bracualter-base/alter_ws/install/serial_motor_bridge/share/serial_motor_bridge/local_setup.sh
-- Up-to-date: /home/bracualter-base/alter_ws/install/serial_motor_bridge/share/serial_motor_bridge/local_setup.zsh
-- Up-to-date: /home/bracualter-base/alter_ws/install/serial_motor_bridge/share/serial_motor_bridge/local_setup.dsv
-- Installing: /home/bracualter-base/alter_ws/install/serial_motor_bridge/share/serial_motor_bridge/package.dsv
-- Up-to-date: /home/bracualter-base/alter_ws/install/serial_motor_bridge/share/ament_index/resource_index/packages/serial_motor_bridge
-- Up-to-date: /home/bracualter-base/alter_ws/install/serial_motor_bridge/share/serial_motor_bridge/cmake/serial_motor_bridgeConfig.cmake
-- Up-to-date: /home/bracualter-base/alter_ws/install/serial_motor_bridge/share/serial_motor_bridge/cmake/serial_motor_bridgeConfig-version.cmake
-- Up-to-date: /home/bracualter-base/alter_ws/install/serial_motor_bridge/share/serial_motor_bridge/package.xml
