-- The C compiler identification is GNU 13.3.0
-- The CXX compiler identification is GNU 13.3.0
-- Detecting C compiler ABI info
-- Detecting C compiler ABI info - done
-- Check for working C compiler: /usr/bin/cc - skipped
-- Detecting C compile features
-- Detecting C compile features - done
-- Detecting CXX compiler ABI info
-- Detecting CXX compiler ABI info - done
-- Check for working CXX compiler: /usr/bin/c++ - skipped
-- Detecting CXX compile features
-- Detecting CXX compile features - done
-- Found ament_cmake: 2.5.4 (/opt/ros/jazzy/share/ament_cmake/cmake)
-- Found Python3: /usr/bin/python3 (found version "3.12.3") found components: Interpreter 
-- Found rclpy: 7.1.6 (/opt/ros/jazzy/share/rclpy/cmake)
-- Found geometry_msgs: 5.3.6 (/opt/ros/jazzy/share/geometry_msgs/cmake)
-- Found rosidl_generator_c: 4.6.6 (/opt/ros/jazzy/share/rosidl_generator_c/cmake)
-- Found rosidl_generator_cpp: 4.6.6 (/opt/ros/jazzy/share/rosidl_generator_cpp/cmake)
-- Using all available rosidl_typesupport_c: rosidl_typesupport_fastrtps_c;rosidl_typesupport_introspection_c
-- Using all available rosidl_typesupport_cpp: rosidl_typesupport_fastrtps_cpp;rosidl_typesupport_introspection_cpp
-- Found ament_lint_auto: 0.17.3 (/opt/ros/jazzy/share/ament_lint_auto/cmake)
-- Added test 'copyright' to check source files copyright and LICENSE
-- Added test 'flake8' to check Python code syntax and style conventions
-- Configured 'flake8' exclude dirs and/or files: 
-- Added test 'lint_cmake' to check CMake code style
-- Added test 'pep257' to check Python code against some of the docstring style conventions in PEP 257
-- Added test 'xmllint' to check XML markup files
-- Configuring done (1.2s)
-- Generating done (0.0s)
-- Build files have been written to: /home/bracualter-base/alter_ws/build/serial_motor_bridge
Built target ament_cmake_python_copy_serial_motor_bridge
running egg_info
creating serial_motor_bridge.egg-info
writing serial_motor_bridge.egg-info/PKG-INFO
writing dependency_links to serial_motor_bridge.egg-info/dependency_links.txt
writing top-level names to serial_motor_bridge.egg-info/top_level.txt
writing manifest file 'serial_motor_bridge.egg-info/SOURCES.txt'
reading manifest file 'serial_motor_bridge.egg-info/SOURCES.txt'
writing manifest file 'serial_motor_bridge.egg-info/SOURCES.txt'
Built target ament_cmake_python_build_serial_motor_bridge_egg
-- Install configuration: ""
-- Installing: /home/bracualter-base/alter_ws/install/serial_motor_bridge/share/serial_motor_bridge/environment/pythonpath.sh
-- Installing: /home/bracualter-base/alter_ws/install/serial_motor_bridge/share/serial_motor_bridge/environment/pythonpath.dsv
-- Installing: /home/bracualter-base/alter_ws/install/serial_motor_bridge/lib/python3.12/site-packages/serial_motor_bridge-0.0.1-py3.12.egg-info
-- Installing: /home/bracualter-base/alter_ws/install/serial_motor_bridge/lib/python3.12/site-packages/serial_motor_bridge-0.0.1-py3.12.egg-info/dependency_links.txt
-- Installing: /home/bracualter-base/alter_ws/install/serial_motor_bridge/lib/python3.12/site-packages/serial_motor_bridge-0.0.1-py3.12.egg-info/PKG-INFO
-- Installing: /home/bracualter-base/alter_ws/install/serial_motor_bridge/lib/python3.12/site-packages/serial_motor_bridge-0.0.1-py3.12.egg-info/top_level.txt
-- Installing: /home/bracualter-base/alter_ws/install/serial_motor_bridge/lib/python3.12/site-packages/serial_motor_bridge-0.0.1-py3.12.egg-info/SOURCES.txt
-- Installing: /home/bracualter-base/alter_ws/install/serial_motor_bridge/lib/python3.12/site-packages/serial_motor_bridge
-- Installing: /home/bracualter-base/alter_ws/install/serial_motor_bridge/lib/python3.12/site-packages/serial_motor_bridge/__init__.py
Listing '/home/bracualter-base/alter_ws/install/serial_motor_bridge/lib/python3.12/site-packages/serial_motor_bridge'...
Compiling '/home/bracualter-base/alter_ws/install/serial_motor_bridge/lib/python3.12/site-packages/serial_motor_bridge/__init__.py'...
-- Installing: /home/bracualter-base/alter_ws/install/serial_motor_bridge/lib/serial_motor_bridge/serial_motor_node.py
-- Installing: /home/bracualter-base/alter_ws/install/serial_motor_bridge/share/serial_motor_bridge//launch
-- Installing: /home/bracualter-base/alter_ws/install/serial_motor_bridge/share/serial_motor_bridge//launch/teleop_joy.launch.py
-- Installing: /home/bracualter-base/alter_ws/install/serial_motor_bridge/share/serial_motor_bridge//launch/serial_motor_bridge.launch.py
-- Installing: /home/bracualter-base/alter_ws/install/serial_motor_bridge/share/serial_motor_bridge//config
-- Installing: /home/bracualter-base/alter_ws/install/serial_motor_bridge/share/serial_motor_bridge//config/serial_motor_params.yaml
-- Installing: /home/bracualter-base/alter_ws/install/serial_motor_bridge/share/serial_motor_bridge//config/teleop_joy_params.yaml
-- Installing: /home/bracualter-base/alter_ws/install/serial_motor_bridge/share/serial_motor_bridge//arduino
-- Installing: /home/bracualter-base/alter_ws/install/serial_motor_bridge/share/serial_motor_bridge//arduino/differential_drive_controller
-- Installing: /home/bracualter-base/alter_ws/install/serial_motor_bridge/share/serial_motor_bridge//arduino/differential_drive_controller/differential_drive_controller.ino
-- Installing: /home/bracualter-base/alter_ws/install/serial_motor_bridge/share/ament_index/resource_index/package_run_dependencies/serial_motor_bridge
-- Installing: /home/bracualter-base/alter_ws/install/serial_motor_bridge/share/ament_index/resource_index/parent_prefix_path/serial_motor_bridge
-- Installing: /home/bracualter-base/alter_ws/install/serial_motor_bridge/share/serial_motor_bridge/environment/ament_prefix_path.sh
-- Installing: /home/bracualter-base/alter_ws/install/serial_motor_bridge/share/serial_motor_bridge/environment/ament_prefix_path.dsv
-- Installing: /home/bracualter-base/alter_ws/install/serial_motor_bridge/share/serial_motor_bridge/environment/path.sh
-- Installing: /home/bracualter-base/alter_ws/install/serial_motor_bridge/share/serial_motor_bridge/environment/path.dsv
-- Installing: /home/bracualter-base/alter_ws/install/serial_motor_bridge/share/serial_motor_bridge/local_setup.bash
-- Installing: /home/bracualter-base/alter_ws/install/serial_motor_bridge/share/serial_motor_bridge/local_setup.sh
-- Installing: /home/bracualter-base/alter_ws/install/serial_motor_bridge/share/serial_motor_bridge/local_setup.zsh
-- Installing: /home/bracualter-base/alter_ws/install/serial_motor_bridge/share/serial_motor_bridge/local_setup.dsv
-- Installing: /home/bracualter-base/alter_ws/install/serial_motor_bridge/share/serial_motor_bridge/package.dsv
-- Installing: /home/bracualter-base/alter_ws/install/serial_motor_bridge/share/ament_index/resource_index/packages/serial_motor_bridge
-- Installing: /home/bracualter-base/alter_ws/install/serial_motor_bridge/share/serial_motor_bridge/cmake/serial_motor_bridgeConfig.cmake
-- Installing: /home/bracualter-base/alter_ws/install/serial_motor_bridge/share/serial_motor_bridge/cmake/serial_motor_bridgeConfig-version.cmake
-- Installing: /home/bracualter-base/alter_ws/install/serial_motor_bridge/share/serial_motor_bridge/package.xml
