[0.011s] Invoking command in '/home/bracualter-base/alter_ws/build/rplidar_ros': CMAKE_PREFIX_PATH=${CMAKE_PREFIX_PATH}:/home/bracualter-base/alter_ws/install/wit_ros2_imu:/home/bracualter-base/ros2_ws/install/wit_ros2_imu:/home/bracualter-base/ros2_ws/install/joy_control:/home/bracualter-base/ros2_ws/install/demo_description:/opt/ros/jazzy DEBUGINFOD_URLS=https://debuginfod.ubuntu.com /usr/bin/cmake /home/bracualter-base/alter_ws/src/rplidar_ros -DAMENT_CMAKE_SYMLINK_INSTALL=1 -DCMAKE_INSTALL_PREFIX=/home/bracualter-base/alter_ws/install/rplidar_ros
[0.023s] -- Found ament_cmake: 2.5.4 (/opt/ros/jazzy/share/ament_cmake/cmake)
[0.218s] -- Override CMake install command with custom implementation using symlinks instead of copying resources
[0.226s] -- Found rclcpp: 28.1.13 (/opt/ros/jazzy/share/rclcpp/cmake)
[0.250s] -- Found rosidl_generator_c: 4.6.6 (/opt/ros/jazzy/share/rosidl_generator_c/cmake)
[0.259s] -- Found rosidl_generator_cpp: 4.6.6 (/opt/ros/jazzy/share/rosidl_generator_cpp/cmake)
[0.273s] -- Using all available rosidl_typesupport_c: rosidl_typesupport_fastrtps_c;rosidl_typesupport_introspection_c
[0.288s] -- Using all available rosidl_typesupport_cpp: rosidl_typesupport_fastrtps_cpp;rosidl_typesupport_introspection_cpp
[0.348s] -- Found rmw_implementation_cmake: 7.3.2 (/opt/ros/jazzy/share/rmw_implementation_cmake/cmake)
[0.350s] -- Found rmw_fastrtps_cpp: 8.4.3 (/opt/ros/jazzy/share/rmw_fastrtps_cpp/cmake)
[0.415s] -- Using RMW implementation 'rmw_fastrtps_cpp' as default
[0.487s] -- Found sensor_msgs: 5.3.6 (/opt/ros/jazzy/share/sensor_msgs/cmake)
[0.540s] -- Found std_srvs: 5.3.6 (/opt/ros/jazzy/share/std_srvs/cmake)
[0.659s] -- Configuring done (0.6s)
[0.677s] -- Generating done (0.0s)
[0.683s] -- Build files have been written to: /home/bracualter-base/alter_ws/build/rplidar_ros
[0.691s] Invoked command in '/home/bracualter-base/alter_ws/build/rplidar_ros' returned '0': CMAKE_PREFIX_PATH=${CMAKE_PREFIX_PATH}:/home/bracualter-base/alter_ws/install/wit_ros2_imu:/home/bracualter-base/ros2_ws/install/wit_ros2_imu:/home/bracualter-base/ros2_ws/install/joy_control:/home/bracualter-base/ros2_ws/install/demo_description:/opt/ros/jazzy DEBUGINFOD_URLS=https://debuginfod.ubuntu.com /usr/bin/cmake /home/bracualter-base/alter_ws/src/rplidar_ros -DAMENT_CMAKE_SYMLINK_INSTALL=1 -DCMAKE_INSTALL_PREFIX=/home/bracualter-base/alter_ws/install/rplidar_ros
[0.693s] Invoking command in '/home/bracualter-base/alter_ws/build/rplidar_ros': CMAKE_PREFIX_PATH=${CMAKE_PREFIX_PATH}:/home/bracualter-base/alter_ws/install/wit_ros2_imu:/home/bracualter-base/ros2_ws/install/wit_ros2_imu:/home/bracualter-base/ros2_ws/install/joy_control:/home/bracualter-base/ros2_ws/install/demo_description:/opt/ros/jazzy DEBUGINFOD_URLS=https://debuginfod.ubuntu.com /usr/bin/cmake --build /home/bracualter-base/alter_ws/build/rplidar_ros -- -j16 -l16
[0.794s] [  5%] Built target rplidar_client
[0.814s] [ 52%] Built target rplidar_node
[0.834s] [100%] Built target rplidar_composition
[0.853s] Invoked command in '/home/bracualter-base/alter_ws/build/rplidar_ros' returned '0': CMAKE_PREFIX_PATH=${CMAKE_PREFIX_PATH}:/home/bracualter-base/alter_ws/install/wit_ros2_imu:/home/bracualter-base/ros2_ws/install/wit_ros2_imu:/home/bracualter-base/ros2_ws/install/joy_control:/home/bracualter-base/ros2_ws/install/demo_description:/opt/ros/jazzy DEBUGINFOD_URLS=https://debuginfod.ubuntu.com /usr/bin/cmake --build /home/bracualter-base/alter_ws/build/rplidar_ros -- -j16 -l16
[0.870s] Invoking command in '/home/bracualter-base/alter_ws/build/rplidar_ros': CMAKE_PREFIX_PATH=${CMAKE_PREFIX_PATH}:/home/bracualter-base/alter_ws/install/wit_ros2_imu:/home/bracualter-base/ros2_ws/install/wit_ros2_imu:/home/bracualter-base/ros2_ws/install/joy_control:/home/bracualter-base/ros2_ws/install/demo_description:/opt/ros/jazzy DEBUGINFOD_URLS=https://debuginfod.ubuntu.com /usr/bin/cmake --install /home/bracualter-base/alter_ws/build/rplidar_ros
[0.879s] -- Install configuration: ""
[0.880s] -- Execute custom install script
[0.880s] -- Up-to-date symlink: /home/bracualter-base/alter_ws/install/rplidar_ros/share/rplidar_ros/launch/rplidar_a1_launch.py
[0.881s] -- Up-to-date symlink: /home/bracualter-base/alter_ws/install/rplidar_ros/share/rplidar_ros/launch/rplidar_a2m12_launch.py
[0.881s] -- Up-to-date symlink: /home/bracualter-base/alter_ws/install/rplidar_ros/share/rplidar_ros/launch/rplidar_a2m7_launch.py
[0.881s] -- Up-to-date symlink: /home/bracualter-base/alter_ws/install/rplidar_ros/share/rplidar_ros/launch/rplidar_a2m8_launch.py
[0.881s] -- Up-to-date symlink: /home/bracualter-base/alter_ws/install/rplidar_ros/share/rplidar_ros/launch/rplidar_a3_launch.py
[0.881s] -- Up-to-date symlink: /home/bracualter-base/alter_ws/install/rplidar_ros/share/rplidar_ros/launch/rplidar_c1_launch.py
[0.881s] -- Up-to-date symlink: /home/bracualter-base/alter_ws/install/rplidar_ros/share/rplidar_ros/launch/rplidar_s1_launch.py
[0.882s] -- Up-to-date symlink: /home/bracualter-base/alter_ws/install/rplidar_ros/share/rplidar_ros/launch/rplidar_s1_tcp_launch.py
[0.882s] -- Up-to-date symlink: /home/bracualter-base/alter_ws/install/rplidar_ros/share/rplidar_ros/launch/rplidar_s2_launch.py
[0.882s] -- Up-to-date symlink: /home/bracualter-base/alter_ws/install/rplidar_ros/share/rplidar_ros/launch/rplidar_s2e_launch.py
[0.882s] -- Up-to-date symlink: /home/bracualter-base/alter_ws/install/rplidar_ros/share/rplidar_ros/launch/rplidar_s3_launch.py
[0.882s] -- Up-to-date symlink: /home/bracualter-base/alter_ws/install/rplidar_ros/share/rplidar_ros/launch/rplidar_t1_launch.py
[0.882s] -- Up-to-date symlink: /home/bracualter-base/alter_ws/install/rplidar_ros/share/rplidar_ros/launch/view_rplidar_a1_launch.py
[0.883s] -- Up-to-date symlink: /home/bracualter-base/alter_ws/install/rplidar_ros/share/rplidar_ros/launch/view_rplidar_a2m12_launch.py
[0.883s] -- Up-to-date symlink: /home/bracualter-base/alter_ws/install/rplidar_ros/share/rplidar_ros/launch/view_rplidar_a2m7_launch.py
[0.883s] -- Up-to-date symlink: /home/bracualter-base/alter_ws/install/rplidar_ros/share/rplidar_ros/launch/view_rplidar_a2m8_launch.py
[0.883s] -- Up-to-date symlink: /home/bracualter-base/alter_ws/install/rplidar_ros/share/rplidar_ros/launch/view_rplidar_a3_launch.py
[0.883s] -- Up-to-date symlink: /home/bracualter-base/alter_ws/install/rplidar_ros/share/rplidar_ros/launch/view_rplidar_c1_launch.py
[0.883s] -- Up-to-date symlink: /home/bracualter-base/alter_ws/install/rplidar_ros/share/rplidar_ros/launch/view_rplidar_s1_launch.py
[0.883s] -- Up-to-date symlink: /home/bracualter-base/alter_ws/install/rplidar_ros/share/rplidar_ros/launch/view_rplidar_s1_tcp_launch.py
[0.884s] -- Up-to-date symlink: /home/bracualter-base/alter_ws/install/rplidar_ros/share/rplidar_ros/launch/view_rplidar_s2_launch.py
[0.884s] -- Up-to-date symlink: /home/bracualter-base/alter_ws/install/rplidar_ros/share/rplidar_ros/launch/view_rplidar_s2e_launch.py
[0.884s] -- Up-to-date symlink: /home/bracualter-base/alter_ws/install/rplidar_ros/share/rplidar_ros/launch/view_rplidar_s3_launch.py
[0.884s] -- Up-to-date symlink: /home/bracualter-base/alter_ws/install/rplidar_ros/share/rplidar_ros/launch/view_rplidar_t1_launch.py
[0.884s] -- Up-to-date symlink: /home/bracualter-base/alter_ws/install/rplidar_ros/share/rplidar_ros/rviz/rplidar_ros.rviz
[0.884s] -- Up-to-date symlink: /home/bracualter-base/alter_ws/install/rplidar_ros/lib/rplidar_ros/rplidar_node
[0.884s] -- Up-to-date symlink: /home/bracualter-base/alter_ws/install/rplidar_ros/lib/rplidar_ros/rplidar_composition
[0.885s] -- Up-to-date symlink: /home/bracualter-base/alter_ws/install/rplidar_ros/lib/rplidar_ros/rplidar_client
[0.885s] -- Up-to-date symlink: /home/bracualter-base/alter_ws/install/rplidar_ros/share/ament_index/resource_index/package_run_dependencies/rplidar_ros
[0.885s] -- Up-to-date symlink: /home/bracualter-base/alter_ws/install/rplidar_ros/share/ament_index/resource_index/parent_prefix_path/rplidar_ros
[0.885s] -- Up-to-date symlink: /home/bracualter-base/alter_ws/install/rplidar_ros/share/rplidar_ros/environment/ament_prefix_path.sh
[0.885s] -- Up-to-date symlink: /home/bracualter-base/alter_ws/install/rplidar_ros/share/rplidar_ros/environment/ament_prefix_path.dsv
[0.885s] -- Up-to-date symlink: /home/bracualter-base/alter_ws/install/rplidar_ros/share/rplidar_ros/environment/path.sh
[0.885s] -- Up-to-date symlink: /home/bracualter-base/alter_ws/install/rplidar_ros/share/rplidar_ros/environment/path.dsv
[0.885s] -- Up-to-date symlink: /home/bracualter-base/alter_ws/install/rplidar_ros/share/rplidar_ros/local_setup.bash
[0.885s] -- Up-to-date symlink: /home/bracualter-base/alter_ws/install/rplidar_ros/share/rplidar_ros/local_setup.sh
[0.885s] -- Up-to-date symlink: /home/bracualter-base/alter_ws/install/rplidar_ros/share/rplidar_ros/local_setup.zsh
[0.885s] -- Up-to-date symlink: /home/bracualter-base/alter_ws/install/rplidar_ros/share/rplidar_ros/local_setup.dsv
[0.885s] -- Symlinking: /home/bracualter-base/alter_ws/install/rplidar_ros/share/rplidar_ros/package.dsv
[0.899s] -- Up-to-date symlink: /home/bracualter-base/alter_ws/install/rplidar_ros/share/ament_index/resource_index/packages/rplidar_ros
[0.899s] -- Up-to-date symlink: /home/bracualter-base/alter_ws/install/rplidar_ros/share/rplidar_ros/cmake/ament_cmake_export_dependencies-extras.cmake
[0.899s] -- Up-to-date symlink: /home/bracualter-base/alter_ws/install/rplidar_ros/share/rplidar_ros/cmake/ament_cmake_export_include_directories-extras.cmake
[0.899s] -- Up-to-date symlink: /home/bracualter-base/alter_ws/install/rplidar_ros/share/rplidar_ros/cmake/rplidar_rosConfig.cmake
[0.900s] -- Up-to-date symlink: /home/bracualter-base/alter_ws/install/rplidar_ros/share/rplidar_ros/cmake/rplidar_rosConfig-version.cmake
[0.900s] -- Up-to-date symlink: /home/bracualter-base/alter_ws/install/rplidar_ros/share/rplidar_ros/package.xml
[0.901s] Invoked command in '/home/bracualter-base/alter_ws/build/rplidar_ros' returned '0': CMAKE_PREFIX_PATH=${CMAKE_PREFIX_PATH}:/home/bracualter-base/alter_ws/install/wit_ros2_imu:/home/bracualter-base/ros2_ws/install/wit_ros2_imu:/home/bracualter-base/ros2_ws/install/joy_control:/home/bracualter-base/ros2_ws/install/demo_description:/opt/ros/jazzy DEBUGINFOD_URLS=https://debuginfod.ubuntu.com /usr/bin/cmake --install /home/bracualter-base/alter_ws/build/rplidar_ros
