[0.571s] Invoking command in '/home/bracualter-base/alter_ws/src/wit_ros2_imu': PYTHONPATH=/home/bracualter-base/alter_ws/build/wit_ros2_imu/prefix_override:/usr/lib/python3/dist-packages/colcon_core/task/python/colcon_distutils_commands:/home/bracualter-base/alter_ws/install/wit_ros2_imu/lib/python3.12/site-packages:${PYTHONPATH} /usr/bin/python3 -W ignore:setup.py install is deprecated -W ignore:easy_install command is deprecated setup.py egg_info --egg-base ../../build/wit_ros2_imu build --build-base /home/bracualter-base/alter_ws/build/wit_ros2_imu/build install --record /home/bracualter-base/alter_ws/build/wit_ros2_imu/install.log --single-version-externally-managed install_data
[0.741s] running egg_info
[0.741s] creating ../../build/wit_ros2_imu/wit_ros2_imu.egg-info
[0.752s] writing ../../build/wit_ros2_imu/wit_ros2_imu.egg-info/PKG-INFO
[0.753s] writing dependency_links to ../../build/wit_ros2_imu/wit_ros2_imu.egg-info/dependency_links.txt
[0.753s] writing entry points to ../../build/wit_ros2_imu/wit_ros2_imu.egg-info/entry_points.txt
[0.753s] writing requirements to ../../build/wit_ros2_imu/wit_ros2_imu.egg-info/requires.txt
[0.753s] writing top-level names to ../../build/wit_ros2_imu/wit_ros2_imu.egg-info/top_level.txt
[0.753s] writing manifest file '../../build/wit_ros2_imu/wit_ros2_imu.egg-info/SOURCES.txt'
[0.775s] reading manifest file '../../build/wit_ros2_imu/wit_ros2_imu.egg-info/SOURCES.txt'
[0.776s] writing manifest file '../../build/wit_ros2_imu/wit_ros2_imu.egg-info/SOURCES.txt'
[0.776s] running build
[0.776s] running build_py
[0.776s] creating /home/bracualter-base/alter_ws/build/wit_ros2_imu/build
[0.776s] creating /home/bracualter-base/alter_ws/build/wit_ros2_imu/build/lib
[0.776s] creating /home/bracualter-base/alter_ws/build/wit_ros2_imu/build/lib/wit_ros2_imu
[0.776s] copying wit_ros2_imu/wit_ros2_imu.py -> /home/bracualter-base/alter_ws/build/wit_ros2_imu/build/lib/wit_ros2_imu
[0.776s] copying wit_ros2_imu/__init__.py -> /home/bracualter-base/alter_ws/build/wit_ros2_imu/build/lib/wit_ros2_imu
[0.776s] running install
[0.780s] running install_lib
[0.792s] creating /home/bracualter-base/alter_ws/install/wit_ros2_imu/lib/python3.12/site-packages/wit_ros2_imu
[0.793s] copying /home/bracualter-base/alter_ws/build/wit_ros2_imu/build/lib/wit_ros2_imu/wit_ros2_imu.py -> /home/bracualter-base/alter_ws/install/wit_ros2_imu/lib/python3.12/site-packages/wit_ros2_imu
[0.793s] copying /home/bracualter-base/alter_ws/build/wit_ros2_imu/build/lib/wit_ros2_imu/__init__.py -> /home/bracualter-base/alter_ws/install/wit_ros2_imu/lib/python3.12/site-packages/wit_ros2_imu
[0.793s] byte-compiling /home/bracualter-base/alter_ws/install/wit_ros2_imu/lib/python3.12/site-packages/wit_ros2_imu/wit_ros2_imu.py to wit_ros2_imu.cpython-312.pyc
[0.794s] byte-compiling /home/bracualter-base/alter_ws/install/wit_ros2_imu/lib/python3.12/site-packages/wit_ros2_imu/__init__.py to __init__.cpython-312.pyc
[0.795s] running install_data
[0.795s] creating /home/bracualter-base/alter_ws/install/wit_ros2_imu/share/ament_index
[0.795s] creating /home/bracualter-base/alter_ws/install/wit_ros2_imu/share/ament_index/resource_index
[0.795s] creating /home/bracualter-base/alter_ws/install/wit_ros2_imu/share/ament_index/resource_index/packages
[0.795s] copying resource/wit_ros2_imu -> /home/bracualter-base/alter_ws/install/wit_ros2_imu/share/ament_index/resource_index/packages
[0.795s] copying package.xml -> /home/bracualter-base/alter_ws/install/wit_ros2_imu/share/wit_ros2_imu
[0.795s] copying launch/rviz_and_imu.launch.py -> /home/bracualter-base/alter_ws/install/wit_ros2_imu/share/wit_ros2_imu
[0.795s] running install_egg_info
[0.807s] Copying ../../build/wit_ros2_imu/wit_ros2_imu.egg-info to /home/bracualter-base/alter_ws/install/wit_ros2_imu/lib/python3.12/site-packages/wit_ros2_imu-0.0.0-py3.12.egg-info
[0.808s] running install_scripts
[0.886s] Installing wit_ros2_imu script to /home/bracualter-base/alter_ws/install/wit_ros2_imu/lib/wit_ros2_imu
[0.886s] writing list of installed files to '/home/bracualter-base/alter_ws/build/wit_ros2_imu/install.log'
[0.906s] Invoked command in '/home/bracualter-base/alter_ws/src/wit_ros2_imu' returned '0': PYTHONPATH=/home/bracualter-base/alter_ws/build/wit_ros2_imu/prefix_override:/usr/lib/python3/dist-packages/colcon_core/task/python/colcon_distutils_commands:/home/bracualter-base/alter_ws/install/wit_ros2_imu/lib/python3.12/site-packages:${PYTHONPATH} /usr/bin/python3 -W ignore:setup.py install is deprecated -W ignore:easy_install command is deprecated setup.py egg_info --egg-base ../../build/wit_ros2_imu build --build-base /home/bracualter-base/alter_ws/build/wit_ros2_imu/build install --record /home/bracualter-base/alter_ws/build/wit_ros2_imu/install.log --single-version-externally-managed install_data
