[0.064s] DEBUG:colcon:Command line arguments: ['/usr/bin/colcon', 'build', '--symlink-install']
[0.065s] DEBUG:colcon:Parsed command line arguments: Namespace(log_base=None, log_level=None, verb_name='build', build_base='build', install_base='install', merge_install=False, symlink_install=True, test_result_base=None, continue_on_error=False, executor='parallel', parallel_workers=16, event_handlers=None, ignore_user_meta=False, metas=['./colcon.meta'], base_paths=['.'], packages_ignore=None, packages_ignore_regex=None, paths=None, packages_up_to=None, packages_up_to_regex=None, packages_above=None, packages_above_and_dependencies=None, packages_above_depth=None, packages_select_by_dep=None, packages_skip_by_dep=None, packages_skip_up_to=None, packages_select_build_failed=False, packages_skip_build_finished=False, packages_select_test_failures=False, packages_skip_test_passed=False, packages_select=None, packages_skip=None, packages_select_regex=None, packages_skip_regex=None, packages_start=None, packages_end=None, allow_overriding=[], cmake_args=None, cmake_target=None, cmake_target_skip_unavailable=False, cmake_clean_cache=False, cmake_clean_first=False, cmake_force_configure=False, ament_cmake_args=None, catkin_cmake_args=None, catkin_skip_building_tests=False, mixin_files=None, mixin=None, verb_parser=<colcon_mixin.mixin.mixin_argument.MixinArgumentDecorator object at 0x750bfb898c80>, verb_extension=<colcon_core.verb.build.BuildVerb object at 0x750bfb8984a0>, main=<bound method BuildVerb.main of <colcon_core.verb.build.BuildVerb object at 0x750bfb8984a0>>, mixin_verb=('build',))
[0.088s] Level 1:colcon.colcon_core.package_discovery:discover_packages(colcon_meta) check parameters
[0.088s] Level 1:colcon.colcon_core.package_discovery:discover_packages(recursive) check parameters
[0.088s] Level 1:colcon.colcon_core.package_discovery:discover_packages(ignore) check parameters
[0.088s] Level 1:colcon.colcon_core.package_discovery:discover_packages(path) check parameters
[0.088s] Level 1:colcon.colcon_core.package_discovery:discover_packages(colcon_meta) discover
[0.088s] Level 1:colcon.colcon_core.package_discovery:discover_packages(recursive) discover
[0.088s] INFO:colcon.colcon_core.package_discovery:Crawling recursively for packages in '/home/bracualter-base/alter_ws'
[0.088s] Level 1:colcon.colcon_core.package_identification:_identify(.) by extensions ['ignore', 'ignore_ament_install']
[0.089s] Level 1:colcon.colcon_core.package_identification:_identify(.) by extension 'ignore'
[0.089s] Level 1:colcon.colcon_core.package_identification:_identify(.) by extension 'ignore_ament_install'
[0.089s] Level 1:colcon.colcon_core.package_identification:_identify(.) by extensions ['colcon_pkg']
[0.089s] Level 1:colcon.colcon_core.package_identification:_identify(.) by extension 'colcon_pkg'
[0.089s] Level 1:colcon.colcon_core.package_identification:_identify(.) by extensions ['colcon_meta']
[0.089s] Level 1:colcon.colcon_core.package_identification:_identify(.) by extension 'colcon_meta'
[0.089s] Level 1:colcon.colcon_core.package_identification:_identify(.) by extensions ['ros']
[0.089s] Level 1:colcon.colcon_core.package_identification:_identify(.) by extension 'ros'
[0.106s] Level 1:colcon.colcon_core.package_identification:_identify(.) by extensions ['cmake', 'python']
[0.106s] Level 1:colcon.colcon_core.package_identification:_identify(.) by extension 'cmake'
[0.106s] Level 1:colcon.colcon_core.package_identification:_identify(.) by extension 'python'
[0.106s] Level 1:colcon.colcon_core.package_identification:_identify(.) by extensions ['python_setup_py']
[0.106s] Level 1:colcon.colcon_core.package_identification:_identify(.) by extension 'python_setup_py'
[0.106s] Level 1:colcon.colcon_core.package_identification:_identify(build) by extensions ['ignore', 'ignore_ament_install']
[0.106s] Level 1:colcon.colcon_core.package_identification:_identify(build) by extension 'ignore'
[0.106s] Level 1:colcon.colcon_core.package_identification:_identify(build) ignored
[0.106s] Level 1:colcon.colcon_core.package_identification:_identify(install) by extensions ['ignore', 'ignore_ament_install']
[0.106s] Level 1:colcon.colcon_core.package_identification:_identify(install) by extension 'ignore'
[0.106s] Level 1:colcon.colcon_core.package_identification:_identify(install) ignored
[0.106s] Level 1:colcon.colcon_core.package_identification:_identify(log) by extensions ['ignore', 'ignore_ament_install']
[0.106s] Level 1:colcon.colcon_core.package_identification:_identify(log) by extension 'ignore'
[0.106s] Level 1:colcon.colcon_core.package_identification:_identify(log) ignored
[0.107s] Level 1:colcon.colcon_core.package_identification:_identify(src) by extensions ['ignore', 'ignore_ament_install']
[0.107s] Level 1:colcon.colcon_core.package_identification:_identify(src) by extension 'ignore'
[0.107s] Level 1:colcon.colcon_core.package_identification:_identify(src) by extension 'ignore_ament_install'
[0.107s] Level 1:colcon.colcon_core.package_identification:_identify(src) by extensions ['colcon_pkg']
[0.107s] Level 1:colcon.colcon_core.package_identification:_identify(src) by extension 'colcon_pkg'
[0.107s] Level 1:colcon.colcon_core.package_identification:_identify(src) by extensions ['colcon_meta']
[0.107s] Level 1:colcon.colcon_core.package_identification:_identify(src) by extension 'colcon_meta'
[0.107s] Level 1:colcon.colcon_core.package_identification:_identify(src) by extensions ['ros']
[0.107s] Level 1:colcon.colcon_core.package_identification:_identify(src) by extension 'ros'
[0.107s] Level 1:colcon.colcon_core.package_identification:_identify(src) by extensions ['cmake', 'python']
[0.107s] Level 1:colcon.colcon_core.package_identification:_identify(src) by extension 'cmake'
[0.107s] Level 1:colcon.colcon_core.package_identification:_identify(src) by extension 'python'
[0.107s] Level 1:colcon.colcon_core.package_identification:_identify(src) by extensions ['python_setup_py']
[0.107s] Level 1:colcon.colcon_core.package_identification:_identify(src) by extension 'python_setup_py'
[0.107s] Level 1:colcon.colcon_core.package_identification:_identify(src/cartographer_slam) by extensions ['ignore', 'ignore_ament_install']
[0.107s] Level 1:colcon.colcon_core.package_identification:_identify(src/cartographer_slam) by extension 'ignore'
[0.107s] Level 1:colcon.colcon_core.package_identification:_identify(src/cartographer_slam) by extension 'ignore_ament_install'
[0.107s] Level 1:colcon.colcon_core.package_identification:_identify(src/cartographer_slam) by extensions ['colcon_pkg']
[0.107s] Level 1:colcon.colcon_core.package_identification:_identify(src/cartographer_slam) by extension 'colcon_pkg'
[0.107s] Level 1:colcon.colcon_core.package_identification:_identify(src/cartographer_slam) by extensions ['colcon_meta']
[0.107s] Level 1:colcon.colcon_core.package_identification:_identify(src/cartographer_slam) by extension 'colcon_meta'
[0.107s] Level 1:colcon.colcon_core.package_identification:_identify(src/cartographer_slam) by extensions ['ros']
[0.107s] Level 1:colcon.colcon_core.package_identification:_identify(src/cartographer_slam) by extension 'ros'
[0.109s] DEBUG:colcon.colcon_core.package_identification:Package 'src/cartographer_slam' with type 'ros.ament_cmake' and name 'cartographer_slam'
[0.109s] Level 1:colcon.colcon_core.package_identification:_identify(src/rplidar_ros) by extensions ['ignore', 'ignore_ament_install']
[0.109s] Level 1:colcon.colcon_core.package_identification:_identify(src/rplidar_ros) by extension 'ignore'
[0.109s] Level 1:colcon.colcon_core.package_identification:_identify(src/rplidar_ros) by extension 'ignore_ament_install'
[0.109s] Level 1:colcon.colcon_core.package_identification:_identify(src/rplidar_ros) by extensions ['colcon_pkg']
[0.109s] Level 1:colcon.colcon_core.package_identification:_identify(src/rplidar_ros) by extension 'colcon_pkg'
[0.109s] Level 1:colcon.colcon_core.package_identification:_identify(src/rplidar_ros) by extensions ['colcon_meta']
[0.109s] Level 1:colcon.colcon_core.package_identification:_identify(src/rplidar_ros) by extension 'colcon_meta'
[0.109s] Level 1:colcon.colcon_core.package_identification:_identify(src/rplidar_ros) by extensions ['ros']
[0.109s] Level 1:colcon.colcon_core.package_identification:_identify(src/rplidar_ros) by extension 'ros'
[0.109s] DEBUG:colcon.colcon_core.package_identification:Package 'src/rplidar_ros' with type 'ros.ament_cmake' and name 'rplidar_ros'
[0.110s] Level 1:colcon.colcon_core.package_identification:_identify(src/wit_ros2_imu) by extensions ['ignore', 'ignore_ament_install']
[0.110s] Level 1:colcon.colcon_core.package_identification:_identify(src/wit_ros2_imu) by extension 'ignore'
[0.110s] Level 1:colcon.colcon_core.package_identification:_identify(src/wit_ros2_imu) by extension 'ignore_ament_install'
[0.110s] Level 1:colcon.colcon_core.package_identification:_identify(src/wit_ros2_imu) by extensions ['colcon_pkg']
[0.110s] Level 1:colcon.colcon_core.package_identification:_identify(src/wit_ros2_imu) by extension 'colcon_pkg'
[0.110s] Level 1:colcon.colcon_core.package_identification:_identify(src/wit_ros2_imu) by extensions ['colcon_meta']
[0.110s] Level 1:colcon.colcon_core.package_identification:_identify(src/wit_ros2_imu) by extension 'colcon_meta'
[0.110s] Level 1:colcon.colcon_core.package_identification:_identify(src/wit_ros2_imu) by extensions ['ros']
[0.110s] Level 1:colcon.colcon_core.package_identification:_identify(src/wit_ros2_imu) by extension 'ros'
[0.110s] DEBUG:colcon.colcon_core.package_identification:Package 'src/wit_ros2_imu' with type 'ros.ament_python' and name 'wit_ros2_imu'
[0.110s] Level 1:colcon.colcon_core.package_discovery:discover_packages(recursive) using defaults
[0.110s] Level 1:colcon.colcon_core.package_discovery:discover_packages(ignore) discover
[0.110s] Level 1:colcon.colcon_core.package_discovery:discover_packages(ignore) using defaults
[0.110s] Level 1:colcon.colcon_core.package_discovery:discover_packages(path) discover
[0.110s] Level 1:colcon.colcon_core.package_discovery:discover_packages(path) using defaults
[0.122s] Level 1:colcon.colcon_core.package_discovery:discover_packages(prefix_path) check parameters
[0.122s] Level 1:colcon.colcon_core.package_discovery:discover_packages(prefix_path) discover
[0.122s] WARNING:colcon.colcon_core.prefix_path.colcon:The path '/home/bracualter-base/ros2_ws/install' in the environment variable COLCON_PREFIX_PATH doesn't exist
[0.122s] WARNING:colcon.colcon_ros.prefix_path.ament:The path '/home/bracualter-base/ros2_ws/install/cartographer_slam' in the environment variable AMENT_PREFIX_PATH doesn't exist
[0.122s] WARNING:colcon.colcon_ros.prefix_path.ament:The path '/home/bracualter-base/ros2_ws/install/wit_ros2_imu' in the environment variable AMENT_PREFIX_PATH doesn't exist
[0.122s] WARNING:colcon.colcon_ros.prefix_path.ament:The path '/home/bracualter-base/ros2_ws/install/rplidar_ros' in the environment variable AMENT_PREFIX_PATH doesn't exist
[0.122s] WARNING:colcon.colcon_ros.prefix_path.ament:The path '/home/bracualter-base/ros2_ws/install/joy_control' in the environment variable AMENT_PREFIX_PATH doesn't exist
[0.122s] WARNING:colcon.colcon_ros.prefix_path.ament:The path '/home/bracualter-base/ros2_ws/install/demo_description' in the environment variable AMENT_PREFIX_PATH doesn't exist
[0.123s] WARNING:colcon.colcon_ros.prefix_path.catkin:The path '/home/bracualter-base/ros2_ws/install/cartographer_slam' in the environment variable CMAKE_PREFIX_PATH doesn't exist
[0.123s] WARNING:colcon.colcon_ros.prefix_path.catkin:The path '/home/bracualter-base/ros2_ws/install/rplidar_ros' in the environment variable CMAKE_PREFIX_PATH doesn't exist
[0.123s] DEBUG:colcon.colcon_installed_package_information.package_discovery:Found 3 installed packages in /home/bracualter-base/alter_ws/install
[0.124s] DEBUG:colcon.colcon_installed_package_information.package_discovery:Found 327 installed packages in /opt/ros/jazzy
[0.125s] Level 1:colcon.colcon_core.package_discovery:discover_packages(prefix_path) using defaults
[0.153s] Level 5:colcon.colcon_core.verb:set package 'rplidar_ros' build argument 'cmake_args' from command line to 'None'
[0.153s] Level 5:colcon.colcon_core.verb:set package 'rplidar_ros' build argument 'cmake_target' from command line to 'None'
[0.153s] Level 5:colcon.colcon_core.verb:set package 'rplidar_ros' build argument 'cmake_target_skip_unavailable' from command line to 'False'
[0.153s] Level 5:colcon.colcon_core.verb:set package 'rplidar_ros' build argument 'cmake_clean_cache' from command line to 'False'
[0.153s] Level 5:colcon.colcon_core.verb:set package 'rplidar_ros' build argument 'cmake_clean_first' from command line to 'False'
[0.153s] Level 5:colcon.colcon_core.verb:set package 'rplidar_ros' build argument 'cmake_force_configure' from command line to 'False'
[0.153s] Level 5:colcon.colcon_core.verb:set package 'rplidar_ros' build argument 'ament_cmake_args' from command line to 'None'
[0.153s] Level 5:colcon.colcon_core.verb:set package 'rplidar_ros' build argument 'catkin_cmake_args' from command line to 'None'
[0.153s] Level 5:colcon.colcon_core.verb:set package 'rplidar_ros' build argument 'catkin_skip_building_tests' from command line to 'False'
[0.153s] DEBUG:colcon.colcon_core.verb:Building package 'rplidar_ros' with the following arguments: {'ament_cmake_args': None, 'build_base': '/home/bracualter-base/alter_ws/build/rplidar_ros', 'catkin_cmake_args': None, 'catkin_skip_building_tests': False, 'cmake_args': None, 'cmake_clean_cache': False, 'cmake_clean_first': False, 'cmake_force_configure': False, 'cmake_target': None, 'cmake_target_skip_unavailable': False, 'install_base': '/home/bracualter-base/alter_ws/install/rplidar_ros', 'merge_install': False, 'path': '/home/bracualter-base/alter_ws/src/rplidar_ros', 'symlink_install': True, 'test_result_base': None}
[0.153s] Level 5:colcon.colcon_core.verb:set package 'wit_ros2_imu' build argument 'cmake_args' from command line to 'None'
[0.153s] Level 5:colcon.colcon_core.verb:set package 'wit_ros2_imu' build argument 'cmake_target' from command line to 'None'
[0.153s] Level 5:colcon.colcon_core.verb:set package 'wit_ros2_imu' build argument 'cmake_target_skip_unavailable' from command line to 'False'
[0.153s] Level 5:colcon.colcon_core.verb:set package 'wit_ros2_imu' build argument 'cmake_clean_cache' from command line to 'False'
[0.153s] Level 5:colcon.colcon_core.verb:set package 'wit_ros2_imu' build argument 'cmake_clean_first' from command line to 'False'
[0.153s] Level 5:colcon.colcon_core.verb:set package 'wit_ros2_imu' build argument 'cmake_force_configure' from command line to 'False'
[0.153s] Level 5:colcon.colcon_core.verb:set package 'wit_ros2_imu' build argument 'ament_cmake_args' from command line to 'None'
[0.153s] Level 5:colcon.colcon_core.verb:set package 'wit_ros2_imu' build argument 'catkin_cmake_args' from command line to 'None'
[0.153s] Level 5:colcon.colcon_core.verb:set package 'wit_ros2_imu' build argument 'catkin_skip_building_tests' from command line to 'False'
[0.153s] DEBUG:colcon.colcon_core.verb:Building package 'wit_ros2_imu' with the following arguments: {'ament_cmake_args': None, 'build_base': '/home/bracualter-base/alter_ws/build/wit_ros2_imu', 'catkin_cmake_args': None, 'catkin_skip_building_tests': False, 'cmake_args': None, 'cmake_clean_cache': False, 'cmake_clean_first': False, 'cmake_force_configure': False, 'cmake_target': None, 'cmake_target_skip_unavailable': False, 'install_base': '/home/bracualter-base/alter_ws/install/wit_ros2_imu', 'merge_install': False, 'path': '/home/bracualter-base/alter_ws/src/wit_ros2_imu', 'symlink_install': True, 'test_result_base': None}
[0.153s] Level 5:colcon.colcon_core.verb:set package 'cartographer_slam' build argument 'cmake_args' from command line to 'None'
[0.153s] Level 5:colcon.colcon_core.verb:set package 'cartographer_slam' build argument 'cmake_target' from command line to 'None'
[0.153s] Level 5:colcon.colcon_core.verb:set package 'cartographer_slam' build argument 'cmake_target_skip_unavailable' from command line to 'False'
[0.153s] Level 5:colcon.colcon_core.verb:set package 'cartographer_slam' build argument 'cmake_clean_cache' from command line to 'False'
[0.154s] Level 5:colcon.colcon_core.verb:set package 'cartographer_slam' build argument 'cmake_clean_first' from command line to 'False'
[0.154s] Level 5:colcon.colcon_core.verb:set package 'cartographer_slam' build argument 'cmake_force_configure' from command line to 'False'
[0.154s] Level 5:colcon.colcon_core.verb:set package 'cartographer_slam' build argument 'ament_cmake_args' from command line to 'None'
[0.154s] Level 5:colcon.colcon_core.verb:set package 'cartographer_slam' build argument 'catkin_cmake_args' from command line to 'None'
[0.154s] Level 5:colcon.colcon_core.verb:set package 'cartographer_slam' build argument 'catkin_skip_building_tests' from command line to 'False'
[0.154s] DEBUG:colcon.colcon_core.verb:Building package 'cartographer_slam' with the following arguments: {'ament_cmake_args': None, 'build_base': '/home/bracualter-base/alter_ws/build/cartographer_slam', 'catkin_cmake_args': None, 'catkin_skip_building_tests': False, 'cmake_args': None, 'cmake_clean_cache': False, 'cmake_clean_first': False, 'cmake_force_configure': False, 'cmake_target': None, 'cmake_target_skip_unavailable': False, 'install_base': '/home/bracualter-base/alter_ws/install/cartographer_slam', 'merge_install': False, 'path': '/home/bracualter-base/alter_ws/src/cartographer_slam', 'symlink_install': True, 'test_result_base': None}
[0.154s] INFO:colcon.colcon_core.executor:Executing jobs using 'parallel' executor
[0.154s] DEBUG:colcon.colcon_parallel_executor.executor.parallel:run_until_complete
[0.155s] INFO:colcon.colcon_ros.task.ament_cmake.build:Building ROS package in '/home/bracualter-base/alter_ws/src/rplidar_ros' with build type 'ament_cmake'
[0.155s] INFO:colcon.colcon_cmake.task.cmake.build:Building CMake package in '/home/bracualter-base/alter_ws/src/rplidar_ros'
[0.156s] INFO:colcon.colcon_core.plugin_system:Skipping extension 'colcon_core.shell.bat': Not used on non-Windows systems
[0.156s] INFO:colcon.colcon_core.shell:Skip shell extension 'powershell' for command environment: Not usable outside of PowerShell
[0.156s] DEBUG:colcon.colcon_core.shell:Skip shell extension 'dsv' for command environment
[0.159s] INFO:colcon.colcon_ros.task.ament_python.build:Building ROS package in '/home/bracualter-base/alter_ws/src/wit_ros2_imu' with build type 'ament_python'
[0.159s] Level 1:colcon.colcon_core.shell:create_environment_hook('wit_ros2_imu', 'ament_prefix_path')
[0.159s] INFO:colcon.colcon_core.shell:Creating environment hook '/home/bracualter-base/alter_ws/install/wit_ros2_imu/share/wit_ros2_imu/hook/ament_prefix_path.ps1'
[0.160s] INFO:colcon.colcon_core.shell:Creating environment descriptor '/home/bracualter-base/alter_ws/install/wit_ros2_imu/share/wit_ros2_imu/hook/ament_prefix_path.dsv'
[0.160s] INFO:colcon.colcon_core.shell:Creating environment hook '/home/bracualter-base/alter_ws/install/wit_ros2_imu/share/wit_ros2_imu/hook/ament_prefix_path.sh'
[0.161s] INFO:colcon.colcon_core.shell:Skip shell extension 'powershell' for command environment: Not usable outside of PowerShell
[0.161s] DEBUG:colcon.colcon_core.shell:Skip shell extension 'dsv' for command environment
[0.166s] DEBUG:colcon.colcon_core.event_handler.log_command:Invoking command in '/home/bracualter-base/alter_ws/build/rplidar_ros': CMAKE_PREFIX_PATH=${CMAKE_PREFIX_PATH}:/home/bracualter-base/alter_ws/install/wit_ros2_imu:/home/bracualter-base/ros2_ws/install/wit_ros2_imu:/home/bracualter-base/ros2_ws/install/joy_control:/home/bracualter-base/ros2_ws/install/demo_description:/opt/ros/jazzy DEBUGINFOD_URLS=https://debuginfod.ubuntu.com /usr/bin/cmake /home/bracualter-base/alter_ws/src/rplidar_ros -DAMENT_CMAKE_SYMLINK_INSTALL=1 -DCMAKE_INSTALL_PREFIX=/home/bracualter-base/alter_ws/install/rplidar_ros
[0.347s] INFO:colcon.colcon_core.task.python.build:Building Python package in '/home/bracualter-base/alter_ws/src/wit_ros2_imu'
[0.347s] INFO:colcon.colcon_core.shell:Skip shell extension 'powershell' for command environment: Not usable outside of PowerShell
[0.347s] DEBUG:colcon.colcon_core.shell:Skip shell extension 'dsv' for command environment
[0.829s] DEBUG:colcon.colcon_core.task.python.build:While undoing a previous installation files outside the Python library path are being ignored: /home/bracualter-base/alter_ws/install/wit_ros2_imu/share/ament_index/resource_index/packages/wit_ros2_imu
[0.829s] DEBUG:colcon.colcon_core.task.python.build:While undoing a previous installation files outside the Python library path are being ignored: /home/bracualter-base/alter_ws/install/wit_ros2_imu/share/wit_ros2_imu/package.xml
[0.829s] DEBUG:colcon.colcon_core.task.python.build:While undoing a previous installation files outside the Python library path are being ignored: /home/bracualter-base/alter_ws/install/wit_ros2_imu/share/wit_ros2_imu/rviz_and_imu.launch.py
[0.829s] DEBUG:colcon.colcon_core.task.python.build:While undoing a previous installation files outside the Python library path are being ignored: /home/bracualter-base/alter_ws/install/wit_ros2_imu/lib/wit_ros2_imu/wit_ros2_imu
[0.831s] DEBUG:colcon.colcon_core.event_handler.log_command:Invoking command in '/home/bracualter-base/alter_ws/build/wit_ros2_imu': DEBUGINFOD_URLS=https://debuginfod.ubuntu.com PYTHONPATH=/home/bracualter-base/alter_ws/build/wit_ros2_imu/prefix_override:/usr/lib/python3/dist-packages/colcon_core/task/python/colcon_distutils_commands:/home/bracualter-base/alter_ws/install/wit_ros2_imu/lib/python3.12/site-packages:${PYTHONPATH} /usr/bin/python3 -W ignore:setup.py install is deprecated -W ignore:easy_install command is deprecated setup.py develop --editable --build-directory /home/bracualter-base/alter_ws/build/wit_ros2_imu/build --no-deps symlink_data --force
[0.847s] DEBUG:colcon.colcon_core.event_handler.log_command:Invoked command in '/home/bracualter-base/alter_ws/build/rplidar_ros' returned '0': CMAKE_PREFIX_PATH=${CMAKE_PREFIX_PATH}:/home/bracualter-base/alter_ws/install/wit_ros2_imu:/home/bracualter-base/ros2_ws/install/wit_ros2_imu:/home/bracualter-base/ros2_ws/install/joy_control:/home/bracualter-base/ros2_ws/install/demo_description:/opt/ros/jazzy DEBUGINFOD_URLS=https://debuginfod.ubuntu.com /usr/bin/cmake /home/bracualter-base/alter_ws/src/rplidar_ros -DAMENT_CMAKE_SYMLINK_INSTALL=1 -DCMAKE_INSTALL_PREFIX=/home/bracualter-base/alter_ws/install/rplidar_ros
[0.848s] DEBUG:colcon.colcon_core.event_handler.log_command:Invoking command in '/home/bracualter-base/alter_ws/build/rplidar_ros': CMAKE_PREFIX_PATH=${CMAKE_PREFIX_PATH}:/home/bracualter-base/alter_ws/install/wit_ros2_imu:/home/bracualter-base/ros2_ws/install/wit_ros2_imu:/home/bracualter-base/ros2_ws/install/joy_control:/home/bracualter-base/ros2_ws/install/demo_description:/opt/ros/jazzy DEBUGINFOD_URLS=https://debuginfod.ubuntu.com /usr/bin/cmake --build /home/bracualter-base/alter_ws/build/rplidar_ros -- -j16 -l16
[1.008s] DEBUG:colcon.colcon_core.event_handler.log_command:Invoked command in '/home/bracualter-base/alter_ws/build/rplidar_ros' returned '0': CMAKE_PREFIX_PATH=${CMAKE_PREFIX_PATH}:/home/bracualter-base/alter_ws/install/wit_ros2_imu:/home/bracualter-base/ros2_ws/install/wit_ros2_imu:/home/bracualter-base/ros2_ws/install/joy_control:/home/bracualter-base/ros2_ws/install/demo_description:/opt/ros/jazzy DEBUGINFOD_URLS=https://debuginfod.ubuntu.com /usr/bin/cmake --build /home/bracualter-base/alter_ws/build/rplidar_ros -- -j16 -l16
[1.025s] DEBUG:colcon.colcon_core.event_handler.log_command:Invoking command in '/home/bracualter-base/alter_ws/build/rplidar_ros': CMAKE_PREFIX_PATH=${CMAKE_PREFIX_PATH}:/home/bracualter-base/alter_ws/install/wit_ros2_imu:/home/bracualter-base/ros2_ws/install/wit_ros2_imu:/home/bracualter-base/ros2_ws/install/joy_control:/home/bracualter-base/ros2_ws/install/demo_description:/opt/ros/jazzy DEBUGINFOD_URLS=https://debuginfod.ubuntu.com /usr/bin/cmake --install /home/bracualter-base/alter_ws/build/rplidar_ros
[1.056s] Level 1:colcon.colcon_core.environment:create_environment_scripts_only(rplidar_ros)
[1.057s] DEBUG:colcon.colcon_core.event_handler.log_command:Invoked command in '/home/bracualter-base/alter_ws/build/rplidar_ros' returned '0': CMAKE_PREFIX_PATH=${CMAKE_PREFIX_PATH}:/home/bracualter-base/alter_ws/install/wit_ros2_imu:/home/bracualter-base/ros2_ws/install/wit_ros2_imu:/home/bracualter-base/ros2_ws/install/joy_control:/home/bracualter-base/ros2_ws/install/demo_description:/opt/ros/jazzy DEBUGINFOD_URLS=https://debuginfod.ubuntu.com /usr/bin/cmake --install /home/bracualter-base/alter_ws/build/rplidar_ros
[1.059s] Level 1:colcon.colcon_core.environment:checking '/home/bracualter-base/alter_ws/install/rplidar_ros' for CMake module files
[1.061s] Level 1:colcon.colcon_core.environment:checking '/home/bracualter-base/alter_ws/install/rplidar_ros' for CMake config files
[1.061s] Level 1:colcon.colcon_core.shell:create_environment_hook('rplidar_ros', 'cmake_prefix_path')
[1.061s] INFO:colcon.colcon_core.shell:Creating environment hook '/home/bracualter-base/alter_ws/install/rplidar_ros/share/rplidar_ros/hook/cmake_prefix_path.ps1'
[1.062s] INFO:colcon.colcon_core.shell:Creating environment descriptor '/home/bracualter-base/alter_ws/install/rplidar_ros/share/rplidar_ros/hook/cmake_prefix_path.dsv'
[1.062s] INFO:colcon.colcon_core.shell:Creating environment hook '/home/bracualter-base/alter_ws/install/rplidar_ros/share/rplidar_ros/hook/cmake_prefix_path.sh'
[1.063s] Level 1:colcon.colcon_core.environment:checking '/home/bracualter-base/alter_ws/install/rplidar_ros/lib'
[1.064s] Level 1:colcon.colcon_core.environment:checking '/home/bracualter-base/alter_ws/install/rplidar_ros/bin'
[1.064s] Level 1:colcon.colcon_core.environment:checking '/home/bracualter-base/alter_ws/install/rplidar_ros/lib/pkgconfig/rplidar_ros.pc'
[1.064s] Level 1:colcon.colcon_core.environment:checking '/home/bracualter-base/alter_ws/install/rplidar_ros/lib/python3.12/site-packages'
[1.065s] Level 1:colcon.colcon_core.environment:checking '/home/bracualter-base/alter_ws/install/rplidar_ros/bin'
[1.065s] INFO:colcon.colcon_core.shell:Creating package script '/home/bracualter-base/alter_ws/install/rplidar_ros/share/rplidar_ros/package.ps1'
[1.066s] INFO:colcon.colcon_core.shell:Creating package descriptor '/home/bracualter-base/alter_ws/install/rplidar_ros/share/rplidar_ros/package.dsv'
[1.066s] INFO:colcon.colcon_core.shell:Creating package script '/home/bracualter-base/alter_ws/install/rplidar_ros/share/rplidar_ros/package.sh'
[1.067s] INFO:colcon.colcon_core.shell:Creating package script '/home/bracualter-base/alter_ws/install/rplidar_ros/share/rplidar_ros/package.bash'
[1.068s] INFO:colcon.colcon_core.shell:Creating package script '/home/bracualter-base/alter_ws/install/rplidar_ros/share/rplidar_ros/package.zsh'
[1.069s] Level 1:colcon.colcon_core.environment:create_file_with_runtime_dependencies(/home/bracualter-base/alter_ws/install/rplidar_ros/share/colcon-core/packages/rplidar_ros)
[1.069s] Level 1:colcon.colcon_core.environment:create_environment_scripts_only(rplidar_ros)
[1.070s] Level 1:colcon.colcon_core.environment:checking '/home/bracualter-base/alter_ws/install/rplidar_ros' for CMake module files
[1.070s] Level 1:colcon.colcon_core.environment:checking '/home/bracualter-base/alter_ws/install/rplidar_ros' for CMake config files
[1.071s] Level 1:colcon.colcon_core.shell:create_environment_hook('rplidar_ros', 'cmake_prefix_path')
[1.071s] INFO:colcon.colcon_core.shell:Creating environment hook '/home/bracualter-base/alter_ws/install/rplidar_ros/share/rplidar_ros/hook/cmake_prefix_path.ps1'
[1.072s] INFO:colcon.colcon_core.shell:Creating environment descriptor '/home/bracualter-base/alter_ws/install/rplidar_ros/share/rplidar_ros/hook/cmake_prefix_path.dsv'
[1.072s] INFO:colcon.colcon_core.shell:Creating environment hook '/home/bracualter-base/alter_ws/install/rplidar_ros/share/rplidar_ros/hook/cmake_prefix_path.sh'
[1.073s] Level 1:colcon.colcon_core.environment:checking '/home/bracualter-base/alter_ws/install/rplidar_ros/lib'
[1.073s] Level 1:colcon.colcon_core.environment:checking '/home/bracualter-base/alter_ws/install/rplidar_ros/bin'
[1.073s] Level 1:colcon.colcon_core.environment:checking '/home/bracualter-base/alter_ws/install/rplidar_ros/lib/pkgconfig/rplidar_ros.pc'
[1.073s] Level 1:colcon.colcon_core.environment:checking '/home/bracualter-base/alter_ws/install/rplidar_ros/lib/python3.12/site-packages'
[1.074s] Level 1:colcon.colcon_core.environment:checking '/home/bracualter-base/alter_ws/install/rplidar_ros/bin'
[1.074s] INFO:colcon.colcon_core.shell:Creating package script '/home/bracualter-base/alter_ws/install/rplidar_ros/share/rplidar_ros/package.ps1'
[1.074s] INFO:colcon.colcon_core.shell:Creating package descriptor '/home/bracualter-base/alter_ws/install/rplidar_ros/share/rplidar_ros/package.dsv'
[1.075s] INFO:colcon.colcon_core.shell:Creating package script '/home/bracualter-base/alter_ws/install/rplidar_ros/share/rplidar_ros/package.sh'
[1.075s] INFO:colcon.colcon_core.shell:Creating package script '/home/bracualter-base/alter_ws/install/rplidar_ros/share/rplidar_ros/package.bash'
[1.075s] INFO:colcon.colcon_core.shell:Creating package script '/home/bracualter-base/alter_ws/install/rplidar_ros/share/rplidar_ros/package.zsh'
[1.076s] Level 1:colcon.colcon_core.environment:create_file_with_runtime_dependencies(/home/bracualter-base/alter_ws/install/rplidar_ros/share/colcon-core/packages/rplidar_ros)
[1.557s] Level 1:colcon.colcon_core.shell:create_environment_hook('wit_ros2_imu', 'pythonpath_develop')
[1.558s] INFO:colcon.colcon_core.shell:Creating environment hook '/home/bracualter-base/alter_ws/build/wit_ros2_imu/share/wit_ros2_imu/hook/pythonpath_develop.ps1'
[1.558s] DEBUG:colcon.colcon_core.event_handler.log_command:Invoked command in '/home/bracualter-base/alter_ws/build/wit_ros2_imu' returned '0': DEBUGINFOD_URLS=https://debuginfod.ubuntu.com PYTHONPATH=/home/bracualter-base/alter_ws/build/wit_ros2_imu/prefix_override:/usr/lib/python3/dist-packages/colcon_core/task/python/colcon_distutils_commands:/home/bracualter-base/alter_ws/install/wit_ros2_imu/lib/python3.12/site-packages:${PYTHONPATH} /usr/bin/python3 -W ignore:setup.py install is deprecated -W ignore:easy_install command is deprecated setup.py develop --editable --build-directory /home/bracualter-base/alter_ws/build/wit_ros2_imu/build --no-deps symlink_data --force
[1.559s] INFO:colcon.colcon_core.shell:Creating environment descriptor '/home/bracualter-base/alter_ws/build/wit_ros2_imu/share/wit_ros2_imu/hook/pythonpath_develop.dsv'
[1.560s] INFO:colcon.colcon_core.shell:Creating environment hook '/home/bracualter-base/alter_ws/build/wit_ros2_imu/share/wit_ros2_imu/hook/pythonpath_develop.sh'
[1.560s] Level 1:colcon.colcon_core.environment:checking '/home/bracualter-base/alter_ws/install/wit_ros2_imu' for CMake module files
[1.561s] Level 1:colcon.colcon_core.environment:checking '/home/bracualter-base/alter_ws/install/wit_ros2_imu' for CMake config files
[1.562s] Level 1:colcon.colcon_core.environment:checking '/home/bracualter-base/alter_ws/install/wit_ros2_imu/lib'
[1.562s] Level 1:colcon.colcon_core.environment:checking '/home/bracualter-base/alter_ws/install/wit_ros2_imu/bin'
[1.562s] Level 1:colcon.colcon_core.environment:checking '/home/bracualter-base/alter_ws/install/wit_ros2_imu/lib/pkgconfig/wit_ros2_imu.pc'
[1.563s] Level 1:colcon.colcon_core.environment:checking '/home/bracualter-base/alter_ws/install/wit_ros2_imu/lib/python3.12/site-packages'
[1.563s] Level 1:colcon.colcon_core.shell:create_environment_hook('wit_ros2_imu', 'pythonpath')
[1.563s] INFO:colcon.colcon_core.shell:Creating environment hook '/home/bracualter-base/alter_ws/install/wit_ros2_imu/share/wit_ros2_imu/hook/pythonpath.ps1'
[1.564s] INFO:colcon.colcon_core.shell:Creating environment descriptor '/home/bracualter-base/alter_ws/install/wit_ros2_imu/share/wit_ros2_imu/hook/pythonpath.dsv'
[1.565s] INFO:colcon.colcon_core.shell:Creating environment hook '/home/bracualter-base/alter_ws/install/wit_ros2_imu/share/wit_ros2_imu/hook/pythonpath.sh'
[1.566s] Level 1:colcon.colcon_core.environment:checking '/home/bracualter-base/alter_ws/install/wit_ros2_imu/bin'
[1.566s] Level 1:colcon.colcon_core.environment:create_environment_scripts_only(wit_ros2_imu)
[1.567s] INFO:colcon.colcon_core.shell:Creating package script '/home/bracualter-base/alter_ws/install/wit_ros2_imu/share/wit_ros2_imu/package.ps1'
[1.568s] INFO:colcon.colcon_core.shell:Creating package descriptor '/home/bracualter-base/alter_ws/install/wit_ros2_imu/share/wit_ros2_imu/package.dsv'
[1.569s] INFO:colcon.colcon_core.shell:Creating package script '/home/bracualter-base/alter_ws/install/wit_ros2_imu/share/wit_ros2_imu/package.sh'
[1.570s] INFO:colcon.colcon_core.shell:Creating package script '/home/bracualter-base/alter_ws/install/wit_ros2_imu/share/wit_ros2_imu/package.bash'
[1.571s] INFO:colcon.colcon_core.shell:Creating package script '/home/bracualter-base/alter_ws/install/wit_ros2_imu/share/wit_ros2_imu/package.zsh'
[1.571s] Level 1:colcon.colcon_core.environment:create_file_with_runtime_dependencies(/home/bracualter-base/alter_ws/install/wit_ros2_imu/share/colcon-core/packages/wit_ros2_imu)
[1.572s] INFO:colcon.colcon_ros.task.ament_cmake.build:Building ROS package in '/home/bracualter-base/alter_ws/src/cartographer_slam' with build type 'ament_cmake'
[1.572s] INFO:colcon.colcon_cmake.task.cmake.build:Building CMake package in '/home/bracualter-base/alter_ws/src/cartographer_slam'
[1.572s] INFO:colcon.colcon_core.shell:Skip shell extension 'powershell' for command environment: Not usable outside of PowerShell
[1.573s] DEBUG:colcon.colcon_core.shell:Skip shell extension 'dsv' for command environment
[1.592s] DEBUG:colcon.colcon_core.event_handler.log_command:Invoking command in '/home/bracualter-base/alter_ws/build/cartographer_slam': AMENT_PREFIX_PATH=/home/bracualter-base/alter_ws/install/wit_ros2_imu:/home/bracualter-base/alter_ws/install/cartographer_slam:/home/bracualter-base/alter_ws/install/rplidar_ros:/home/bracualter-base/ros2_ws/install/cartographer_slam:/home/bracualter-base/ros2_ws/install/wit_ros2_imu:/home/bracualter-base/ros2_ws/install/rplidar_ros:/home/bracualter-base/ros2_ws/install/joy_control:/home/bracualter-base/ros2_ws/install/demo_description:/opt/ros/jazzy CMAKE_PREFIX_PATH=/home/bracualter-base/alter_ws/install/rplidar_ros:/home/bracualter-base/alter_ws/install/cartographer_slam:/home/bracualter-base/ros2_ws/install/cartographer_slam:/home/bracualter-base/ros2_ws/install/rplidar_ros:/opt/ros/jazzy/opt/gz_sim_vendor:/opt/ros/jazzy/opt/gz_sensors_vendor:/opt/ros/jazzy/opt/gz_physics_vendor:/opt/ros/jazzy/opt/sdformat_vendor:/opt/ros/jazzy/opt/gz_gui_vendor:/opt/ros/jazzy/opt/gz_transport_vendor:/opt/ros/jazzy/opt/gz_rendering_vendor:/opt/ros/jazzy/opt/gz_plugin_vendor:/opt/ros/jazzy/opt/gz_fuel_tools_vendor:/opt/ros/jazzy/opt/gz_msgs_vendor:/opt/ros/jazzy/opt/gz_common_vendor:/opt/ros/jazzy/opt/gz_math_vendor:/opt/ros/jazzy/opt/gz_utils_vendor:/opt/ros/jazzy/opt/gz_tools_vendor:/opt/ros/jazzy/opt/gz_ogre_next_vendor:/opt/ros/jazzy/opt/gz_dartsim_vendor:/opt/ros/jazzy/opt/gz_cmake_vendor:/home/bracualter-base/alter_ws/install/wit_ros2_imu:/home/bracualter-base/ros2_ws/install/wit_ros2_imu:/home/bracualter-base/ros2_ws/install/joy_control:/home/bracualter-base/ros2_ws/install/demo_description:/opt/ros/jazzy DEBUGINFOD_URLS=https://debuginfod.ubuntu.com PYTHONPATH=/home/bracualter-base/alter_ws/build/wit_ros2_imu:${PYTHONPATH} /usr/bin/cmake /home/bracualter-base/alter_ws/src/cartographer_slam -DAMENT_CMAKE_SYMLINK_INSTALL=1 -DCMAKE_INSTALL_PREFIX=/home/bracualter-base/alter_ws/install/cartographer_slam
[4.633s] DEBUG:colcon.colcon_core.event_handler.log_command:Invoked command in '/home/bracualter-base/alter_ws/build/cartographer_slam' returned '0': AMENT_PREFIX_PATH=/home/bracualter-base/alter_ws/install/wit_ros2_imu:/home/bracualter-base/alter_ws/install/cartographer_slam:/home/bracualter-base/alter_ws/install/rplidar_ros:/home/bracualter-base/ros2_ws/install/cartographer_slam:/home/bracualter-base/ros2_ws/install/wit_ros2_imu:/home/bracualter-base/ros2_ws/install/rplidar_ros:/home/bracualter-base/ros2_ws/install/joy_control:/home/bracualter-base/ros2_ws/install/demo_description:/opt/ros/jazzy CMAKE_PREFIX_PATH=/home/bracualter-base/alter_ws/install/rplidar_ros:/home/bracualter-base/alter_ws/install/cartographer_slam:/home/bracualter-base/ros2_ws/install/cartographer_slam:/home/bracualter-base/ros2_ws/install/rplidar_ros:/opt/ros/jazzy/opt/gz_sim_vendor:/opt/ros/jazzy/opt/gz_sensors_vendor:/opt/ros/jazzy/opt/gz_physics_vendor:/opt/ros/jazzy/opt/sdformat_vendor:/opt/ros/jazzy/opt/gz_gui_vendor:/opt/ros/jazzy/opt/gz_transport_vendor:/opt/ros/jazzy/opt/gz_rendering_vendor:/opt/ros/jazzy/opt/gz_plugin_vendor:/opt/ros/jazzy/opt/gz_fuel_tools_vendor:/opt/ros/jazzy/opt/gz_msgs_vendor:/opt/ros/jazzy/opt/gz_common_vendor:/opt/ros/jazzy/opt/gz_math_vendor:/opt/ros/jazzy/opt/gz_utils_vendor:/opt/ros/jazzy/opt/gz_tools_vendor:/opt/ros/jazzy/opt/gz_ogre_next_vendor:/opt/ros/jazzy/opt/gz_dartsim_vendor:/opt/ros/jazzy/opt/gz_cmake_vendor:/home/bracualter-base/alter_ws/install/wit_ros2_imu:/home/bracualter-base/ros2_ws/install/wit_ros2_imu:/home/bracualter-base/ros2_ws/install/joy_control:/home/bracualter-base/ros2_ws/install/demo_description:/opt/ros/jazzy DEBUGINFOD_URLS=https://debuginfod.ubuntu.com PYTHONPATH=/home/bracualter-base/alter_ws/build/wit_ros2_imu:${PYTHONPATH} /usr/bin/cmake /home/bracualter-base/alter_ws/src/cartographer_slam -DAMENT_CMAKE_SYMLINK_INSTALL=1 -DCMAKE_INSTALL_PREFIX=/home/bracualter-base/alter_ws/install/cartographer_slam
[4.634s] DEBUG:colcon.colcon_core.event_handler.log_command:Invoking command in '/home/bracualter-base/alter_ws/build/cartographer_slam': AMENT_PREFIX_PATH=/home/bracualter-base/alter_ws/install/wit_ros2_imu:/home/bracualter-base/alter_ws/install/cartographer_slam:/home/bracualter-base/alter_ws/install/rplidar_ros:/home/bracualter-base/ros2_ws/install/cartographer_slam:/home/bracualter-base/ros2_ws/install/wit_ros2_imu:/home/bracualter-base/ros2_ws/install/rplidar_ros:/home/bracualter-base/ros2_ws/install/joy_control:/home/bracualter-base/ros2_ws/install/demo_description:/opt/ros/jazzy CMAKE_PREFIX_PATH=/home/bracualter-base/alter_ws/install/rplidar_ros:/home/bracualter-base/alter_ws/install/cartographer_slam:/home/bracualter-base/ros2_ws/install/cartographer_slam:/home/bracualter-base/ros2_ws/install/rplidar_ros:/opt/ros/jazzy/opt/gz_sim_vendor:/opt/ros/jazzy/opt/gz_sensors_vendor:/opt/ros/jazzy/opt/gz_physics_vendor:/opt/ros/jazzy/opt/sdformat_vendor:/opt/ros/jazzy/opt/gz_gui_vendor:/opt/ros/jazzy/opt/gz_transport_vendor:/opt/ros/jazzy/opt/gz_rendering_vendor:/opt/ros/jazzy/opt/gz_plugin_vendor:/opt/ros/jazzy/opt/gz_fuel_tools_vendor:/opt/ros/jazzy/opt/gz_msgs_vendor:/opt/ros/jazzy/opt/gz_common_vendor:/opt/ros/jazzy/opt/gz_math_vendor:/opt/ros/jazzy/opt/gz_utils_vendor:/opt/ros/jazzy/opt/gz_tools_vendor:/opt/ros/jazzy/opt/gz_ogre_next_vendor:/opt/ros/jazzy/opt/gz_dartsim_vendor:/opt/ros/jazzy/opt/gz_cmake_vendor:/home/bracualter-base/alter_ws/install/wit_ros2_imu:/home/bracualter-base/ros2_ws/install/wit_ros2_imu:/home/bracualter-base/ros2_ws/install/joy_control:/home/bracualter-base/ros2_ws/install/demo_description:/opt/ros/jazzy DEBUGINFOD_URLS=https://debuginfod.ubuntu.com PYTHONPATH=/home/bracualter-base/alter_ws/build/wit_ros2_imu:${PYTHONPATH} /usr/bin/cmake --build /home/bracualter-base/alter_ws/build/cartographer_slam -- -j16 -l16
[4.669s] DEBUG:colcon.colcon_core.event_handler.log_command:Invoked command in '/home/bracualter-base/alter_ws/build/cartographer_slam' returned '0': AMENT_PREFIX_PATH=/home/bracualter-base/alter_ws/install/wit_ros2_imu:/home/bracualter-base/alter_ws/install/cartographer_slam:/home/bracualter-base/alter_ws/install/rplidar_ros:/home/bracualter-base/ros2_ws/install/cartographer_slam:/home/bracualter-base/ros2_ws/install/wit_ros2_imu:/home/bracualter-base/ros2_ws/install/rplidar_ros:/home/bracualter-base/ros2_ws/install/joy_control:/home/bracualter-base/ros2_ws/install/demo_description:/opt/ros/jazzy CMAKE_PREFIX_PATH=/home/bracualter-base/alter_ws/install/rplidar_ros:/home/bracualter-base/alter_ws/install/cartographer_slam:/home/bracualter-base/ros2_ws/install/cartographer_slam:/home/bracualter-base/ros2_ws/install/rplidar_ros:/opt/ros/jazzy/opt/gz_sim_vendor:/opt/ros/jazzy/opt/gz_sensors_vendor:/opt/ros/jazzy/opt/gz_physics_vendor:/opt/ros/jazzy/opt/sdformat_vendor:/opt/ros/jazzy/opt/gz_gui_vendor:/opt/ros/jazzy/opt/gz_transport_vendor:/opt/ros/jazzy/opt/gz_rendering_vendor:/opt/ros/jazzy/opt/gz_plugin_vendor:/opt/ros/jazzy/opt/gz_fuel_tools_vendor:/opt/ros/jazzy/opt/gz_msgs_vendor:/opt/ros/jazzy/opt/gz_common_vendor:/opt/ros/jazzy/opt/gz_math_vendor:/opt/ros/jazzy/opt/gz_utils_vendor:/opt/ros/jazzy/opt/gz_tools_vendor:/opt/ros/jazzy/opt/gz_ogre_next_vendor:/opt/ros/jazzy/opt/gz_dartsim_vendor:/opt/ros/jazzy/opt/gz_cmake_vendor:/home/bracualter-base/alter_ws/install/wit_ros2_imu:/home/bracualter-base/ros2_ws/install/wit_ros2_imu:/home/bracualter-base/ros2_ws/install/joy_control:/home/bracualter-base/ros2_ws/install/demo_description:/opt/ros/jazzy DEBUGINFOD_URLS=https://debuginfod.ubuntu.com PYTHONPATH=/home/bracualter-base/alter_ws/build/wit_ros2_imu:${PYTHONPATH} /usr/bin/cmake --build /home/bracualter-base/alter_ws/build/cartographer_slam -- -j16 -l16
[4.670s] DEBUG:colcon.colcon_core.event_handler.log_command:Invoking command in '/home/bracualter-base/alter_ws/build/cartographer_slam': AMENT_PREFIX_PATH=/home/bracualter-base/alter_ws/install/wit_ros2_imu:/home/bracualter-base/alter_ws/install/cartographer_slam:/home/bracualter-base/alter_ws/install/rplidar_ros:/home/bracualter-base/ros2_ws/install/cartographer_slam:/home/bracualter-base/ros2_ws/install/wit_ros2_imu:/home/bracualter-base/ros2_ws/install/rplidar_ros:/home/bracualter-base/ros2_ws/install/joy_control:/home/bracualter-base/ros2_ws/install/demo_description:/opt/ros/jazzy CMAKE_PREFIX_PATH=/home/bracualter-base/alter_ws/install/rplidar_ros:/home/bracualter-base/alter_ws/install/cartographer_slam:/home/bracualter-base/ros2_ws/install/cartographer_slam:/home/bracualter-base/ros2_ws/install/rplidar_ros:/opt/ros/jazzy/opt/gz_sim_vendor:/opt/ros/jazzy/opt/gz_sensors_vendor:/opt/ros/jazzy/opt/gz_physics_vendor:/opt/ros/jazzy/opt/sdformat_vendor:/opt/ros/jazzy/opt/gz_gui_vendor:/opt/ros/jazzy/opt/gz_transport_vendor:/opt/ros/jazzy/opt/gz_rendering_vendor:/opt/ros/jazzy/opt/gz_plugin_vendor:/opt/ros/jazzy/opt/gz_fuel_tools_vendor:/opt/ros/jazzy/opt/gz_msgs_vendor:/opt/ros/jazzy/opt/gz_common_vendor:/opt/ros/jazzy/opt/gz_math_vendor:/opt/ros/jazzy/opt/gz_utils_vendor:/opt/ros/jazzy/opt/gz_tools_vendor:/opt/ros/jazzy/opt/gz_ogre_next_vendor:/opt/ros/jazzy/opt/gz_dartsim_vendor:/opt/ros/jazzy/opt/gz_cmake_vendor:/home/bracualter-base/alter_ws/install/wit_ros2_imu:/home/bracualter-base/ros2_ws/install/wit_ros2_imu:/home/bracualter-base/ros2_ws/install/joy_control:/home/bracualter-base/ros2_ws/install/demo_description:/opt/ros/jazzy DEBUGINFOD_URLS=https://debuginfod.ubuntu.com PYTHONPATH=/home/bracualter-base/alter_ws/build/wit_ros2_imu:${PYTHONPATH} /usr/bin/cmake --install /home/bracualter-base/alter_ws/build/cartographer_slam
[4.805s] Level 1:colcon.colcon_core.environment:create_environment_scripts_only(cartographer_slam)
[4.805s] Level 1:colcon.colcon_core.environment:checking '/home/bracualter-base/alter_ws/install/cartographer_slam' for CMake module files
[4.806s] DEBUG:colcon.colcon_core.event_handler.log_command:Invoked command in '/home/bracualter-base/alter_ws/build/cartographer_slam' returned '0': AMENT_PREFIX_PATH=/home/bracualter-base/alter_ws/install/wit_ros2_imu:/home/bracualter-base/alter_ws/install/cartographer_slam:/home/bracualter-base/alter_ws/install/rplidar_ros:/home/bracualter-base/ros2_ws/install/cartographer_slam:/home/bracualter-base/ros2_ws/install/wit_ros2_imu:/home/bracualter-base/ros2_ws/install/rplidar_ros:/home/bracualter-base/ros2_ws/install/joy_control:/home/bracualter-base/ros2_ws/install/demo_description:/opt/ros/jazzy CMAKE_PREFIX_PATH=/home/bracualter-base/alter_ws/install/rplidar_ros:/home/bracualter-base/alter_ws/install/cartographer_slam:/home/bracualter-base/ros2_ws/install/cartographer_slam:/home/bracualter-base/ros2_ws/install/rplidar_ros:/opt/ros/jazzy/opt/gz_sim_vendor:/opt/ros/jazzy/opt/gz_sensors_vendor:/opt/ros/jazzy/opt/gz_physics_vendor:/opt/ros/jazzy/opt/sdformat_vendor:/opt/ros/jazzy/opt/gz_gui_vendor:/opt/ros/jazzy/opt/gz_transport_vendor:/opt/ros/jazzy/opt/gz_rendering_vendor:/opt/ros/jazzy/opt/gz_plugin_vendor:/opt/ros/jazzy/opt/gz_fuel_tools_vendor:/opt/ros/jazzy/opt/gz_msgs_vendor:/opt/ros/jazzy/opt/gz_common_vendor:/opt/ros/jazzy/opt/gz_math_vendor:/opt/ros/jazzy/opt/gz_utils_vendor:/opt/ros/jazzy/opt/gz_tools_vendor:/opt/ros/jazzy/opt/gz_ogre_next_vendor:/opt/ros/jazzy/opt/gz_dartsim_vendor:/opt/ros/jazzy/opt/gz_cmake_vendor:/home/bracualter-base/alter_ws/install/wit_ros2_imu:/home/bracualter-base/ros2_ws/install/wit_ros2_imu:/home/bracualter-base/ros2_ws/install/joy_control:/home/bracualter-base/ros2_ws/install/demo_description:/opt/ros/jazzy DEBUGINFOD_URLS=https://debuginfod.ubuntu.com PYTHONPATH=/home/bracualter-base/alter_ws/build/wit_ros2_imu:${PYTHONPATH} /usr/bin/cmake --install /home/bracualter-base/alter_ws/build/cartographer_slam
[4.806s] Level 1:colcon.colcon_core.environment:checking '/home/bracualter-base/alter_ws/install/cartographer_slam' for CMake config files
[4.807s] Level 1:colcon.colcon_core.shell:create_environment_hook('cartographer_slam', 'cmake_prefix_path')
[4.807s] INFO:colcon.colcon_core.shell:Creating environment hook '/home/bracualter-base/alter_ws/install/cartographer_slam/share/cartographer_slam/hook/cmake_prefix_path.ps1'
[4.807s] INFO:colcon.colcon_core.shell:Creating environment descriptor '/home/bracualter-base/alter_ws/install/cartographer_slam/share/cartographer_slam/hook/cmake_prefix_path.dsv'
[4.808s] INFO:colcon.colcon_core.shell:Creating environment hook '/home/bracualter-base/alter_ws/install/cartographer_slam/share/cartographer_slam/hook/cmake_prefix_path.sh'
[4.808s] Level 1:colcon.colcon_core.environment:checking '/home/bracualter-base/alter_ws/install/cartographer_slam/bin'
[4.808s] Level 1:colcon.colcon_core.environment:checking '/home/bracualter-base/alter_ws/install/cartographer_slam/lib/pkgconfig/cartographer_slam.pc'
[4.808s] Level 1:colcon.colcon_core.environment:checking '/home/bracualter-base/alter_ws/install/cartographer_slam/lib/python3.12/site-packages'
[4.808s] Level 1:colcon.colcon_core.environment:checking '/home/bracualter-base/alter_ws/install/cartographer_slam/bin'
[4.809s] INFO:colcon.colcon_core.shell:Creating package script '/home/bracualter-base/alter_ws/install/cartographer_slam/share/cartographer_slam/package.ps1'
[4.809s] INFO:colcon.colcon_core.shell:Creating package descriptor '/home/bracualter-base/alter_ws/install/cartographer_slam/share/cartographer_slam/package.dsv'
[4.809s] INFO:colcon.colcon_core.shell:Creating package script '/home/bracualter-base/alter_ws/install/cartographer_slam/share/cartographer_slam/package.sh'
[4.809s] INFO:colcon.colcon_core.shell:Creating package script '/home/bracualter-base/alter_ws/install/cartographer_slam/share/cartographer_slam/package.bash'
[4.810s] INFO:colcon.colcon_core.shell:Creating package script '/home/bracualter-base/alter_ws/install/cartographer_slam/share/cartographer_slam/package.zsh'
[4.810s] Level 1:colcon.colcon_core.environment:create_file_with_runtime_dependencies(/home/bracualter-base/alter_ws/install/cartographer_slam/share/colcon-core/packages/cartographer_slam)
[4.810s] Level 1:colcon.colcon_core.environment:create_environment_scripts_only(cartographer_slam)
[4.810s] Level 1:colcon.colcon_core.environment:checking '/home/bracualter-base/alter_ws/install/cartographer_slam' for CMake module files
[4.810s] Level 1:colcon.colcon_core.environment:checking '/home/bracualter-base/alter_ws/install/cartographer_slam' for CMake config files
[4.810s] Level 1:colcon.colcon_core.shell:create_environment_hook('cartographer_slam', 'cmake_prefix_path')
[4.811s] INFO:colcon.colcon_core.shell:Creating environment hook '/home/bracualter-base/alter_ws/install/cartographer_slam/share/cartographer_slam/hook/cmake_prefix_path.ps1'
[4.813s] INFO:colcon.colcon_core.shell:Creating environment descriptor '/home/bracualter-base/alter_ws/install/cartographer_slam/share/cartographer_slam/hook/cmake_prefix_path.dsv'
[4.813s] INFO:colcon.colcon_core.shell:Creating environment hook '/home/bracualter-base/alter_ws/install/cartographer_slam/share/cartographer_slam/hook/cmake_prefix_path.sh'
[4.813s] Level 1:colcon.colcon_core.environment:checking '/home/bracualter-base/alter_ws/install/cartographer_slam/bin'
[4.813s] Level 1:colcon.colcon_core.environment:checking '/home/bracualter-base/alter_ws/install/cartographer_slam/lib/pkgconfig/cartographer_slam.pc'
[4.813s] Level 1:colcon.colcon_core.environment:checking '/home/bracualter-base/alter_ws/install/cartographer_slam/lib/python3.12/site-packages'
[4.814s] Level 1:colcon.colcon_core.environment:checking '/home/bracualter-base/alter_ws/install/cartographer_slam/bin'
[4.814s] INFO:colcon.colcon_core.shell:Creating package script '/home/bracualter-base/alter_ws/install/cartographer_slam/share/cartographer_slam/package.ps1'
[4.814s] INFO:colcon.colcon_core.shell:Creating package descriptor '/home/bracualter-base/alter_ws/install/cartographer_slam/share/cartographer_slam/package.dsv'
[4.814s] INFO:colcon.colcon_core.shell:Creating package script '/home/bracualter-base/alter_ws/install/cartographer_slam/share/cartographer_slam/package.sh'
[4.815s] INFO:colcon.colcon_core.shell:Creating package script '/home/bracualter-base/alter_ws/install/cartographer_slam/share/cartographer_slam/package.bash'
[4.815s] INFO:colcon.colcon_core.shell:Creating package script '/home/bracualter-base/alter_ws/install/cartographer_slam/share/cartographer_slam/package.zsh'
[4.815s] Level 1:colcon.colcon_core.environment:create_file_with_runtime_dependencies(/home/bracualter-base/alter_ws/install/cartographer_slam/share/colcon-core/packages/cartographer_slam)
[4.815s] DEBUG:colcon.colcon_parallel_executor.executor.parallel:closing loop
[4.815s] DEBUG:colcon.colcon_parallel_executor.executor.parallel:loop closed
[4.815s] DEBUG:colcon.colcon_parallel_executor.executor.parallel:run_until_complete finished with '0'
[4.815s] DEBUG:colcon.colcon_core.event_reactor:joining thread
[4.821s] INFO:colcon.colcon_core.plugin_system:Skipping extension 'colcon_notification.desktop_notification.terminal_notifier': Not used on non-Darwin systems
[4.821s] INFO:colcon.colcon_core.plugin_system:Skipping extension 'colcon_notification.desktop_notification.win32': Not used on non-Windows systems
[4.821s] INFO:colcon.colcon_notification.desktop_notification:Sending desktop notification using 'notify2'
[4.832s] DEBUG:colcon.colcon_core.event_reactor:joined thread
[4.832s] INFO:colcon.colcon_core.shell:Creating prefix script '/home/bracualter-base/alter_ws/install/local_setup.ps1'
[4.833s] INFO:colcon.colcon_core.shell:Creating prefix util module '/home/bracualter-base/alter_ws/install/_local_setup_util_ps1.py'
[4.834s] INFO:colcon.colcon_core.shell:Creating prefix chain script '/home/bracualter-base/alter_ws/install/setup.ps1'
[4.835s] INFO:colcon.colcon_core.shell:Creating prefix script '/home/bracualter-base/alter_ws/install/local_setup.sh'
[4.835s] INFO:colcon.colcon_core.shell:Creating prefix util module '/home/bracualter-base/alter_ws/install/_local_setup_util_sh.py'
[4.836s] INFO:colcon.colcon_core.shell:Creating prefix chain script '/home/bracualter-base/alter_ws/install/setup.sh'
[4.837s] INFO:colcon.colcon_core.shell:Creating prefix script '/home/bracualter-base/alter_ws/install/local_setup.bash'
[4.837s] INFO:colcon.colcon_core.shell:Creating prefix chain script '/home/bracualter-base/alter_ws/install/setup.bash'
[4.838s] INFO:colcon.colcon_core.shell:Creating prefix script '/home/bracualter-base/alter_ws/install/local_setup.zsh'
[4.838s] INFO:colcon.colcon_core.shell:Creating prefix chain script '/home/bracualter-base/alter_ws/install/setup.zsh'
